[    1s] Memory limit set to 10955196KB
[    1s] Using BUILD_ROOT=/var/cache/obs/worker/root_2
[    1s] Using BUILD_ARCH=riscv64
[    1s] 
[    4s] 
[    4s] oe-RISCV-worker29 started "build _service:extract_file:aqute-bnd.spec" at Sun Apr 10 14:40:40 UTC 2022.
[    4s] 
[    4s] Building aqute-bnd for project 'openEuler:Mainline:RISC-V' repository 'advanced_riscv64' arch 'riscv64' srcmd5 '06654849a832a9e58126989d3b47f105'
[    4s] 
[    4s] processing recipe /var/cache/obs/worker/root_2/.build-srcdir/_service:extract_file:aqute-bnd.spec ...
[    7s] running changelog2spec --target rpm --file /var/cache/obs/worker/root_2/.build-srcdir/_service:extract_file:aqute-bnd.spec
[    8s] init_buildsystem --configdir /var/run/obs/worker/2/build/configs --cachedir /var/cache/build --clean --rpmlist /var/cache/obs/worker/root_2/.build.rpmlist /var/cache/obs/worker/root_2/.build-srcdir/_service:extract_file:aqute-bnd.spec build ...
[   76s] cycle: bash -> coreutils
[   76s]   breaking dependency coreutils -> bash
[   76s] cycle: bash -> coreutils -> info
[   76s]   breaking dependency coreutils -> info
[   76s] cycle: glibc -> filesystem -> bash -> coreutils
[   76s]   breaking dependency filesystem -> bash
[   76s] cycle: glibc -> filesystem -> coreutils
[   76s]   breaking dependency coreutils -> glibc
[   76s] cycle: glibc -> filesystem -> coreutils -> libacl
[   76s]   breaking dependency coreutils -> libacl
[   76s] cycle: glibc -> filesystem -> coreutils -> attr
[   76s]   breaking dependency coreutils -> attr
[   76s] cycle: coreutils -> libcap -> bash
[   76s]   breaking dependency coreutils -> libcap
[   76s] cycle: glibc -> filesystem -> coreutils -> openssl-libs
[   76s]   breaking dependency coreutils -> openssl-libs
[   76s] cycle: glibc -> filesystem -> coreutils -> libselinux
[   76s]   breaking dependency libselinux -> glibc
[   76s] cycle: glibc -> filesystem -> coreutils -> libselinux -> pcre2
[   76s]   breaking dependency pcre2 -> glibc
[   76s] cycle: glibc -> filesystem -> coreutils -> libselinux -> pcre2 -> readline
[   76s]   breaking dependency readline -> glibc
[   76s] cycle: glibc -> filesystem -> coreutils -> libselinux -> pcre2 -> readline -> ncurses-libs
[   76s]   breaking dependency coreutils -> libselinux
[   76s] cycle: glibc -> filesystem -> coreutils -> ncurses
[   76s]   breaking dependency ncurses -> glibc
[   76s] cycle: glibc -> filesystem -> coreutils -> ncurses -> ncurses-libs
[   76s]   breaking dependency ncurses -> ncurses-libs
[   76s] cycle: filesystem -> coreutils -> ncurses -> libgcc
[   76s]   breaking dependency ncurses -> libgcc
[   76s] cycle: perl-Carp -> perl-libs
[   76s]   breaking dependency perl-libs -> perl-Carp
[   76s] cycle: perl-libs -> perl-Exporter
[   76s]   breaking dependency perl-libs -> perl-Exporter
[   76s] cycle: perl-Carp -> perl-Exporter
[   76s]   breaking dependency perl-Exporter -> perl-Carp
[   76s] cycle: nss-util -> nss
[   76s]   breaking dependency nss -> nss-util
[   76s] cycle: nss-softokn -> nss-util -> nss
[   76s]   breaking dependency nss -> nss-softokn
[   76s] cycle: systemd -> cryptsetup -> device-mapper
[   76s]   breaking dependency systemd -> cryptsetup
[   76s] cycle: audit -> systemd -> pam
[   76s]   breaking dependency systemd -> pam
[   77s] [1/84] preinstalling dbus...
[   77s] [2/84] preinstalling libffi-devel...
[   78s] [3/84] preinstalling nodejs-source-map...
[   79s] [4/84] preinstalling python3-pip...
[   81s] [5/84] preinstalling python3-setuptools_scm...
[   83s] [6/84] preinstalling ncurses...
[   87s] [7/84] preinstalling coreutils...
[   90s] [8/84] preinstalling filesystem...
[   93s] [9/84] preinstalling glibc...
[   95s] [10/84] preinstalling libgcc...
[   96s] [11/84] preinstalling diffutils...
[   97s] [12/84] preinstalling libcap-ng...
[   98s] [13/84] preinstalling libgpg-error...
[   99s] [14/84] preinstalling libpcap...
[   99s] [15/84] preinstalling libsmartcols...
[  100s] [16/84] preinstalling libuuid...
[  101s] [17/84] preinstalling libxcrypt...
[  101s] [18/84] preinstalling lz4...
[  102s] [19/84] preinstalling m4...
[  103s] [20/84] preinstalling ncurses-libs...
[  104s] [21/84] preinstalling nspr...
[  104s] [22/84] preinstalling xz-libs...
[  105s] [23/84] preinstalling zlib...
[  106s] [24/84] preinstalling attr...
[  106s] [25/84] preinstalling libdb...
[  109s] [26/84] preinstalling zstd...
[  111s] [27/84] preinstalling audit-libs...
[  112s] [28/84] preinstalling file...
[  112s] [29/84] preinstalling iptables-libs...
[  113s] [30/84] preinstalling libacl...
[  114s] [31/84] preinstalling libgcrypt...
[  115s] [32/84] preinstalling openssl-libs...
[  116s] [33/84] preinstalling readline...
[  117s] [34/84] preinstalling bash...
[  119s] [35/84] preinstalling cmake...
[  128s] [36/84] preinstalling perl-libs...
[  131s] [37/84] preinstalling dnf...
[  131s] [38/84] preinstalling pcre2...
[  132s] [39/84] preinstalling perl-Exporter...
[  133s] [40/84] preinstalling bzip2...
[  134s] [41/84] preinstalling elfutils...
[  135s] [42/84] preinstalling hostname...
[  136s] [43/84] preinstalling libcap...
[  136s] [44/84] preinstalling pcre...
[  137s] [45/84] preinstalling popt...
[  139s] [46/84] preinstalling acl...
[  139s] [47/84] preinstalling libblkid...
[  140s] [48/84] preinstalling openssl...
[  141s] [49/84] preinstalling sqlite...
[  142s] [50/84] preinstalling tar...
[  144s] [51/84] preinstalling info...
[  145s] [52/84] preinstalling libgcrypt-devel...
[  145s] [53/84] preinstalling lua...
[  146s] [54/84] preinstalling libselinux...
[  147s] [55/84] preinstalling perl-Carp...
[  147s] [56/84] preinstalling copy-jdk-configs...
[  148s] [57/84] preinstalling libfdisk...
[  149s] [58/84] preinstalling perl-Digest-MD5...
[  149s] [59/84] preinstalling grep...
[  150s] [60/84] preinstalling rpm-libs...
[  151s] [61/84] preinstalling chkconfig...
[  152s] [62/84] preinstalling sed...
[  153s] [63/84] preinstalling libmount...
[  153s] [64/84] preinstalling libsemanage...
[  154s] [65/84] preinstalling perl-constant...
[  155s] [66/84] preinstalling findutils...
[  156s] [67/84] preinstalling xz...
[  157s] [68/84] preinstalling perl-Getopt-Long...
[  157s] [69/84] preinstalling glib2...
[  161s] [70/84] preinstalling nss...
[  162s] [71/84] preinstalling perl-Data-Dumper...
[  162s] [72/84] preinstalling systemd-libs...
[  163s] [73/84] preinstalling systemd...
[  167s] [74/84] preinstalling dbus-libs...
[  168s] [75/84] preinstalling nss-util...
[  169s] [76/84] preinstalling audit...
[  169s] [77/84] preinstalling nss-softokn...
[  171s] [78/84] preinstalling pam...
[  172s] [79/84] preinstalling rpm...
[  173s] [80/84] preinstalling openEuler-rpm-config...
[  174s] [81/84] preinstalling util-linux...
[  177s] [82/84] preinstalling device-mapper...
[  178s] [83/84] preinstalling cryptsetup...
[  179s] [84/84] preinstalling lvm2...
[  182s] 
[  184s] initializing rpm db...
[  195s] reordering...cycle: bash -> coreutils
[  195s]   breaking dependency coreutils -> bash
[  195s] cycle: bash -> coreutils -> info
[  195s]   breaking dependency coreutils -> info
[  195s] cycle: glibc -> basesystem -> filesystem -> bash -> coreutils -> gmp
[  195s]   breaking dependency filesystem -> bash
[  195s] cycle: glibc -> basesystem -> filesystem -> coreutils -> gmp
[  195s]   breaking dependency coreutils -> gmp
[  195s] cycle: glibc -> basesystem -> filesystem -> coreutils
[  195s]   breaking dependency coreutils -> glibc
[  195s] cycle: glibc -> basesystem -> filesystem -> coreutils -> libacl
[  195s]   breaking dependency coreutils -> libacl
[  195s] cycle: glibc -> basesystem -> filesystem -> coreutils -> attr
[  195s]   breaking dependency coreutils -> attr
[  195s] cycle: coreutils -> libcap -> bash
[  195s]   breaking dependency coreutils -> libcap
[  195s] cycle: glibc -> basesystem -> filesystem -> coreutils -> openssl-libs
[  195s]   breaking dependency openssl-libs -> glibc
[  195s] cycle: coreutils -> openssl-libs -> ca-certificates -> bash
[  195s]   breaking dependency ca-certificates -> bash
[  195s] cycle: coreutils -> openssl-libs -> ca-certificates
[  195s]   breaking dependency ca-certificates -> coreutils
[  195s] cycle: coreutils -> openssl-libs -> ca-certificates -> grep -> bash
[  195s]   breaking dependency grep -> bash
[  195s] cycle: coreutils -> openssl-libs -> ca-certificates -> grep
[  195s]   breaking dependency ca-certificates -> grep
[  195s] cycle: glibc -> basesystem -> filesystem -> coreutils -> openssl-libs -> ca-certificates -> p11-kit
[  195s]   breaking dependency p11-kit -> glibc
[  195s] cycle: glibc -> basesystem -> filesystem -> coreutils -> openssl-libs -> ca-certificates -> p11-kit -> libffi
[  195s]   breaking dependency openssl-libs -> ca-certificates
[  195s] cycle: coreutils -> openssl-libs -> crypto-policies -> bash
[  195s]   breaking dependency crypto-policies -> bash
[  195s] cycle: coreutils -> openssl-libs -> crypto-policies
[  195s]   breaking dependency crypto-policies -> coreutils
[  195s] cycle: coreutils -> openssl-libs -> crypto-policies -> grep
[  195s]   breaking dependency grep -> coreutils
[  195s] cycle: glibc -> basesystem -> filesystem -> coreutils -> openssl-libs -> crypto-policies -> grep
[  195s]   breaking dependency glibc -> basesystem
[  195s] cycle: glibc -> glibc-common -> bash -> coreutils -> openssl-libs -> crypto-policies -> grep
[  195s]   breaking dependency glibc-common -> bash
[  195s] cycle: glibc -> glibc-common -> coreutils -> openssl-libs -> crypto-policies -> grep
[  195s]   breaking dependency glibc-common -> coreutils
[  195s] cycle: glibc -> glibc-common
[  195s]   breaking dependency glibc-common -> glibc
[  195s] cycle: glibc -> glibc-common -> libselinux
[  195s]   breaking dependency libselinux -> glibc
[  195s] cycle: glibc -> glibc-common -> libselinux -> pcre2
[  195s]   breaking dependency pcre2 -> glibc
[  195s] cycle: glibc -> glibc-common -> libselinux -> pcre2 -> readline
[  195s]   breaking dependency readline -> glibc
[  195s] cycle: glibc -> glibc-common -> libselinux -> pcre2 -> readline -> ncurses-libs
[  195s]   breaking dependency libselinux -> pcre2
[  195s] cycle: glibc -> glibc-common -> libselinux -> libsepol -> bash -> coreutils -> openssl-libs -> crypto-policies -> grep
[  195s]   breaking dependency bash -> coreutils
[  195s] cycle: glibc -> glibc-common -> libselinux -> libsepol -> bash -> filesystem -> coreutils -> openssl-libs -> crypto-policies -> grep
[  195s]   breaking dependency libsepol -> bash
[  195s] cycle: glibc -> glibc-common -> libselinux -> libsepol -> coreutils -> openssl-libs -> crypto-policies -> grep
[  195s]   breaking dependency coreutils -> openssl-libs
[  195s] cycle: libselinux -> libsepol -> coreutils
[  195s]   breaking dependency libsepol -> coreutils
[  195s] cycle: glibc -> glibc-common -> libselinux -> libsepol
[  195s]   breaking dependency glibc -> glibc-common
[  195s] cycle: glibc -> filesystem -> coreutils -> libselinux -> libsepol
[  195s]   breaking dependency filesystem -> coreutils
[  195s] cycle: filesystem -> setup
[  195s]   breaking dependency filesystem -> setup
[  195s] cycle: systemd -> cryptsetup -> device-mapper
[  195s]   breaking dependency systemd -> cryptsetup
[  195s] cycle: perl-libs -> perl-Carp
[  195s]   breaking dependency perl-libs -> perl-Carp
[  195s] cycle: perl-libs -> perl-Exporter
[  195s]   breaking dependency perl-libs -> perl-Exporter
[  195s] cycle: perl-Carp -> perl-Exporter
[  195s]   breaking dependency perl-Exporter -> perl-Carp
[  195s] cycle: perl -> perl-PathTools
[  195s]   breaking dependency perl -> perl-PathTools
[  195s] cycle: perl -> perl-ExtUtils-MakeMaker
[  195s]   breaking dependency perl -> perl-ExtUtils-MakeMaker
[  195s] cycle: perl -> perl-File-Path -> perl-PathTools
[  195s]   breaking dependency perl -> perl-File-Path
[  195s] cycle: perl -> perl-Getopt-Long -> perl-Pod-Usage
[  195s]   breaking dependency perl -> perl-Getopt-Long
[  195s] cycle: perl -> perl-Locale-Maketext
[  195s]   breaking dependency perl -> perl-Locale-Maketext
[  195s] cycle: perl -> perl-Pod-Simple
[  195s]   breaking dependency perl -> perl-Pod-Simple
[  195s] cycle: perl -> perl-Socket
[  195s]   breaking dependency perl -> perl-Socket
[  195s] cycle: perl -> perl-Storable
[  195s]   breaking dependency perl -> perl-Storable
[  195s] cycle: perl -> perl-Text-Tabs+Wrap
[  195s]   breaking dependency perl -> perl-Text-Tabs+Wrap
[  195s] cycle: perl -> perl-Time-Local -> perl-constant
[  195s]   breaking dependency perl -> perl-Time-Local
[  195s] cycle: perl -> perl-constant
[  195s]   breaking dependency perl -> perl-constant
[  195s] cycle: perl -> perl-threads
[  195s]   breaking dependency perl -> perl-threads
[  195s] cycle: perl -> perl-threads-shared
[  195s]   breaking dependency perl -> perl-threads-shared
[  195s] cycle: perl -> perl-Archive-Tar
[  195s]   breaking dependency perl -> perl-Archive-Tar
[  195s] cycle: perl -> perl-B-Debug
[  195s]   breaking dependency perl -> perl-B-Debug
[  195s] cycle: perl -> perl-CPAN-Meta -> perl-CPAN-Meta-Requirements
[  195s]   breaking dependency perl -> perl-CPAN-Meta
[  195s] cycle: perl -> perl-CPAN-Meta-Requirements
[  195s]   breaking dependency perl -> perl-CPAN-Meta-Requirements
[  195s] cycle: perl -> perl-CPAN-Meta-YAML
[  195s]   breaking dependency perl -> perl-CPAN-Meta-YAML
[  195s] cycle: perl -> perl-Compress-Raw-Bzip2
[  195s]   breaking dependency perl -> perl-Compress-Raw-Bzip2
[  195s] cycle: perl -> perl-Compress-Raw-Zlib
[  195s]   breaking dependency perl -> perl-Compress-Raw-Zlib
[  195s] cycle: perl -> perl-Config-Perl-V
[  195s]   breaking dependency perl -> perl-Config-Perl-V
[  195s] cycle: perl -> perl-DB_File
[  195s]   breaking dependency perl -> perl-DB_File
[  195s] cycle: perl -> perl-Data-Dumper
[  195s]   breaking dependency perl -> perl-Data-Dumper
[  195s] cycle: perl -> perl-Devel-PPPort
[  195s]   breaking dependency perl -> perl-Devel-PPPort
[  195s] cycle: perl -> perl-Digest -> perl-MIME-Base64
[  195s]   breaking dependency perl -> perl-Digest
[  195s] cycle: perl -> perl-Digest-MD5 -> perl-Digest -> perl-MIME-Base64
[  195s]   breaking dependency perl -> perl-Digest-MD5
[  195s] cycle: perl -> perl-Digest-SHA
[  195s]   breaking dependency perl -> perl-Digest-SHA
[  195s] cycle: perl -> perl-Encode
[  195s]   breaking dependency perl -> perl-Encode
[  195s] cycle: perl -> perl-Env
[  195s]   breaking dependency perl -> perl-Env
[  195s] cycle: perl -> perl-ExtUtils-Command
[  195s]   breaking dependency perl -> perl-ExtUtils-Command
[  195s] cycle: perl -> perl-ExtUtils-Install
[  195s]   breaking dependency perl -> perl-ExtUtils-Install
[  195s] cycle: perl -> perl-ExtUtils-Manifest
[  195s]   breaking dependency perl -> perl-ExtUtils-Manifest
[  195s] cycle: perl -> perl-ExtUtils-ParseXS
[  195s]   breaking dependency perl -> perl-ExtUtils-ParseXS
[  195s] cycle: perl -> perl-File-Fetch -> perl-PathTools
[  195s]   breaking dependency perl -> perl-File-Fetch
[  195s] cycle: perl -> perl-File-Temp -> perl-PathTools
[  195s]   breaking dependency perl -> perl-File-Temp
[  195s] cycle: perl -> perl-Filter
[  195s]   breaking dependency perl -> perl-Filter
[  195s] cycle: perl -> perl-Filter-Simple -> perl-Filter
[  195s]   breaking dependency perl -> perl-Filter-Simple
[  195s] cycle: perl -> perl-HTTP-Tiny
[  195s]   breaking dependency perl -> perl-HTTP-Tiny
[  195s] cycle: perl -> perl-IO-Compress
[  195s]   breaking dependency perl -> perl-IO-Compress
[  195s] cycle: perl -> perl-IO-Socket-IP
[  195s]   breaking dependency perl -> perl-IO-Socket-IP
[  195s] cycle: perl -> perl-IPC-Cmd -> perl-ExtUtils-MakeMaker
[  195s]   breaking dependency perl -> perl-IPC-Cmd
[  195s] cycle: perl -> perl-IPC-SysV
[  195s]   breaking dependency perl -> perl-IPC-SysV
[  195s] cycle: perl -> perl-JSON-PP
[  195s]   breaking dependency perl -> perl-JSON-PP
[  195s] cycle: perl -> perl-Locale-Codes -> perl-constant
[  195s]   breaking dependency perl -> perl-Locale-Codes
[  195s] cycle: perl -> perl-MIME-Base64
[  195s]   breaking dependency perl -> perl-MIME-Base64
[  195s] cycle: perl -> perl-Math-BigInt
[  195s]   breaking dependency perl -> perl-Math-BigInt
[  195s] cycle: perl -> perl-Math-BigInt-FastCalc -> perl-Math-BigInt
[  195s]   breaking dependency perl -> perl-Math-BigInt-FastCalc
[  195s] cycle: perl -> perl-Math-BigRat -> perl-Math-BigInt
[  195s]   breaking dependency perl -> perl-Math-BigRat
[  195s] cycle: perl -> perl-Module-CoreList
[  195s]   breaking dependency perl -> perl-Module-CoreList
[  195s] cycle: perl -> perl-Module-Load -> perl-PathTools
[  195s]   breaking dependency perl -> perl-Module-Load
[  195s] cycle: perl -> perl-Module-Load-Conditional
[  195s]   breaking dependency perl -> perl-Module-Load-Conditional
[  195s] cycle: perl -> perl-Module-Metadata
[  195s]   breaking dependency perl -> perl-Module-Metadata
[  195s] cycle: perl -> perl-Params-Check
[  195s]   breaking dependency perl -> perl-Params-Check
[  195s] cycle: perl -> perl-PerlIO-via-QuotedPrint -> perl-MIME-Base64
[  195s]   breaking dependency perl -> perl-PerlIO-via-QuotedPrint
[  195s] cycle: perl -> perl-Pod-Checker
[  195s]   breaking dependency perl -> perl-Pod-Checker
[  195s] cycle: perl -> perl-Pod-Escapes
[  195s]   breaking dependency perl -> perl-Pod-Escapes
[  195s] cycle: perl -> perl-Pod-Parser
[  195s]   breaking dependency perl -> perl-Pod-Parser
[  195s] cycle: perl -> perl-Pod-Perldoc
[  195s]   breaking dependency perl -> perl-Pod-Perldoc
[  195s] cycle: perl -> perl-Pod-Usage
[  195s]   breaking dependency perl -> perl-Pod-Usage
[  195s] cycle: perl -> perl-Sys-Syslog
[  195s]   breaking dependency perl -> perl-Sys-Syslog
[  195s] cycle: perl -> perl-Term-Cap
[  195s]   breaking dependency perl -> perl-Term-Cap
[  195s] cycle: perl -> perl-Test-Harness
[  195s]   breaking dependency perl -> perl-Test-Harness
[  195s] cycle: perl -> perl-Test-Simple
[  195s]   breaking dependency perl -> perl-Test-Simple
[  195s] cycle: perl -> perl-Text-Balanced
[  195s]   breaking dependency perl -> perl-Text-Balanced
[  195s] cycle: perl -> perl-Thread-Queue -> perl-threads-shared
[  195s]   breaking dependency perl -> perl-Thread-Queue
[  195s] cycle: perl -> perl-Unicode-Collate -> perl-PathTools
[  195s]   breaking dependency perl -> perl-Unicode-Collate
[  195s] cycle: perl -> perl-autodie
[  195s]   breaking dependency perl -> perl-autodie
[  195s] cycle: perl -> perl-bignum -> perl-Math-BigInt
[  195s]   breaking dependency perl -> perl-bignum
[  195s] cycle: perl -> perl-devel
[  195s]   breaking dependency perl -> perl-devel
[  195s] cycle: perl -> perl-Encode-devel
[  195s]   breaking dependency perl -> perl-Encode-devel
[  195s] cycle: perl -> perl-experimental
[  195s]   breaking dependency perl -> perl-experimental
[  195s] cycle: perl -> perl-libnet -> perl-Digest-MD5 -> perl-Digest -> perl-MIME-Base64
[  195s]   breaking dependency perl -> perl-libnet
[  195s] cycle: perl -> perl-podlators
[  195s]   breaking dependency perl -> perl-podlators
[  195s] cycle: perl -> perl-version
[  195s]   breaking dependency perl -> perl-version
[  195s] cycle: glib2 -> gamin
[  195s]   breaking dependency glib2 -> gamin
[  195s] cycle: systemd -> gnutls -> unbound-libs -> shadow -> pam -> audit
[  195s]   breaking dependency systemd -> gnutls
[  195s] cycle: systemd -> pam -> audit
[  195s]   breaking dependency systemd -> pam
[  195s] cycle: systemd -> shadow -> pam -> audit
[  195s]   breaking dependency systemd -> shadow
[  195s] cycle: pam -> libpwquality
[  195s]   breaking dependency pam -> libpwquality
[  195s] cycle: perl-Getopt-Long -> perl-Pod-Usage
[  195s]   breaking dependency perl-Pod-Usage -> perl-Getopt-Long
[  195s] cycle: perl-Getopt-Long -> perl-Pod-Usage -> perl-podlators -> perl-Encode
[  195s]   breaking dependency perl-podlators -> perl-Encode
[  195s] cycle: perl-Getopt-Long -> perl-Pod-Usage -> perl-podlators
[  195s]   breaking dependency perl-podlators -> perl-Getopt-Long
[  195s] cycle: perl-Getopt-Long -> perl-Pod-Usage -> perl-podlators -> perl-Pod-Simple -> perl-Encode
[  195s]   breaking dependency perl-Encode -> perl-Getopt-Long
[  195s] cycle: perl-Getopt-Long -> perl-Pod-Usage -> perl-podlators -> perl-Pod-Simple
[  195s]   breaking dependency perl-podlators -> perl-Pod-Simple
[  195s] cycle: perl-Pod-Usage -> perl-podlators
[  195s]   breaking dependency perl-podlators -> perl-Pod-Usage
[  195s] cycle: groff -> perl-Getopt-Long -> perl-Pod-Usage -> perl-Pod-Perldoc
[  195s]   breaking dependency groff -> perl-Getopt-Long
[  195s] cycle: nss -> nss-util
[  195s]   breaking dependency nss -> nss-util
[  195s] cycle: nss -> nss-softokn -> nss-util
[  195s]   breaking dependency nss -> nss-softokn
[  195s] cycle: libxcrypt-devel -> glibc-devel
[  195s]   breaking dependency glibc-devel -> libxcrypt-devel
[  195s] cycle: groovy-lib -> gpars
[  195s]   breaking dependency groovy-lib -> gpars
[  195s] cycle: batik-css -> batik
[  195s]   breaking dependency batik -> batik-css
[  195s] cycle: xalan-j2 -> xerces-j2
[  195s]   breaking dependency xerces-j2 -> xalan-j2
[  195s] cycle: cmake-data -> cmake
[  195s]   breaking dependency cmake -> cmake-data
[  195s] cycle: perl-Getopt-Long -> perl-Pod-Usage -> perl-Pod-Perldoc -> perl-Pod-Simple
[  195s]   breaking dependency perl-Pod-Perldoc -> perl-Pod-Simple
[  195s] cycle: openssh -> openssh-server
[  195s]   breaking dependency openssh-server -> openssh
[  195s] cycle: git -> perl-Git
[  195s]   breaking dependency git -> perl-Git
[  195s] cycle: perl-ExtUtils-Install -> perl-ExtUtils-MakeMaker
[  195s]   breaking dependency perl-ExtUtils-MakeMaker -> perl-ExtUtils-Install
[  195s] done
[  195s] querying package ids...
[  228s] [1/534] installing cmake-filesystem-3.22.0-1.oe1
[  229s] [2/534] installing fonts-filesystem-2.0.2-2.oe1
[  229s] [3/534] installing fuse-common-3.9.2-5.oe1
[  230s] [4/534] installing javapackages-filesystem-5.3.0-3.oe1
[  231s] [5/534] installing kernel-headers-5.10-3.oe1
[  236s] [6/534] installing libreport-filesystem-2.13.1-5.oe1
[  237s] [7/534] installing ncurses-base-6.1-14.oe1
[  238s] [8/534] installing openEuler-gpg-keys-1.0-2.5.oe1
[  239s] [9/534] installing python-setuptools-59.4.0-3.oe1
[  240s] [10/534] installing qt5-srpm-macros-5.15.2-1.oe1
[  240s] [11/534] installing tzdata-2021a-2.oe1
[  246s] [12/534] installing tzdata-java-2021a-2.oe1
[  248s] [13/534] installing dnf-data-4.10.0-1.oe1
[  249s] [14/534] installing openEuler-repos-1.0-2.5.oe1
[  249s] [15/534] installing wqy-zenhei-fonts-0.9.46-21.oe1
[  256s] [16/534] installing openEuler-release-20.03LTS-40.oe1
[  257s] [17/534] installing filesystem-3.9-3.oe1
[  265s] warning: group mail does not exist - using root
[  265s] [18/534] installing emacs-filesystem-1:27.1-5.oe1
[  265s] [19/534] installing libgcc-10.3.1-20220105.6.oe1
[  266s] [20/534] installing setup-2.13.3-4.oe1
[  267s] [21/534] installing glibc-2.34-64.oe1
[  272s] [22/534] installing brotli-1.0.9-2.oe1
[  274s] [23/534] installing chrpath-0.16-12.oe1
[  275s] [24/534] installing cpio-2.13-4.oe1
[  277s] [25/534] installing diffutils-3.7-4.oe1
[  278s] [26/534] installing expat-2.2.10-1.oe1
[  279s] [27/534] installing giflib-5.2.1-2.oe1
[  280s] [28/534] installing keyutils-libs-1.6.3-3.oe1
[  281s] [29/534] installing libICE-1.0.10-2.oe1
[  281s] [30/534] installing libXau-1.0.9-2.oe1
[  282s] [31/534] installing libaio-0.3.112-1.oe1
[  283s] [32/534] installing libargon2-20190702-1.oe1
[  284s] [33/534] installing libatomic-10.3.1-20220105.6.oe1
[  285s] [34/534] installing libcap-ng-0.7.11-1.oe1
[  287s] [35/534] installing libev-4.24-11.oe1
[  288s] [36/534] installing libffi-3.3-31.oe1
[  289s] [37/534] installing libgomp-10.3.1-20220105.6.oe1
[  289s] [38/534] installing libgpg-error-1.41-1.oe1
[  291s] [39/534] installing libjpeg-turbo-2.0.6-1.oe1
[  292s] [40/534] installing libnghttp2-1.42.0-1.oe1
[  293s] [41/534] installing libpcap-14:1.9.1-7.oe1
[  293s] [42/534] installing libpipeline-1.5.3-1.oe1
[  294s] [43/534] installing libsigsegv-2.11-10.oe1
[  295s] [44/534] installing libsmartcols-2.36.1-3.oe1
[  296s] [45/534] installing libtasn1-4.16.0-2.oe1
[  297s] [46/534] installing libtool-ltdl-2.4.6-34.oe1
[  298s] [47/534] installing libunistring-0.9.10-8.oe1
[  299s] [48/534] installing libuuid-2.36.1-3.oe1
[  300s] [49/534] installing libuv-1:1.40.0-1.oe1
[  301s] [50/534] installing libxcrypt-4.4.8-4.oe1
[  303s] [51/534] installing libyaml-0.2.5-1.oe1
[  304s] [52/534] installing lz4-1.9.3-1.oe1
[  305s] [53/534] installing m4-1.4.18-14.oe1
[  306s] [54/534] installing nspr-4.32.0-1.oe1
[  306s] [55/534] installing pkgconf-1.7.3-1.oe1
[  307s] [56/534] installing rhash-1.3.5-5.oe1
[  308s] [57/534] installing which-2.21-14.oe1
[  309s] [58/534] installing xz-libs-5.2.5-1.oe1
[  310s] [59/534] installing zlib-1.2.11-18.oe1
[  311s] [60/534] installing attr-2.4.48-12.oe1
[  312s] [61/534] installing basesystem-12-2.oe1
[  312s] [62/534] installing libstdc++-10.3.1-20220105.6.oe1
[  314s] [63/534] installing ncurses-libs-6.1-14.oe1
[  315s] [64/534] installing libsepol-3.1-4.oe1
[  316s] [65/534] installing libstdc++-devel-10.3.1-20220105.6.oe1
[  328s] [66/534] installing audit-libs-1:3.0-2.oe1
[  329s] [67/534] installing elfutils-libelf-0.185-3.oe1
[  330s] [68/534] installing file-libs-5.39-6.oe1
[  332s] [69/534] installing gmp-1:6.2.1-3.oe1
[  333s] [70/534] installing iptables-libs-1.8.1-4.oe1
[  334s] [71/534] installing less-563-2.oe1
[  335s] [72/534] installing libacl-2.2.53-7.oe1
[  336s] [73/534] installing libassuan-2.5.4-1.oe1
[  337s] [74/534] installing libedit-3.1-27.oe1
[  338s] [75/534] installing libffi-devel-3.3-31.oe1
[  338s] [76/534] installing libfontenc-1.1.4-2.oe1
[  339s] [77/534] installing libgcrypt-1.8.7-1.oe1
[  340s] [78/534] installing libpng-2:1.6.37-1.oe1
[  341s] [79/534] installing libxcb-1.14-1.oe1
[  343s] [80/534] installing readline-8.0-2.oe1
[  344s] [81/534] installing fuse-2.9.9-6.oe1
[  345s] [82/534] installing gc-8.0.4-2.oe1
[  346s] [83/534] installing libSM-1.2.3-2.oe1
[  347s] [84/534] installing libdb-5.3.28-35.oe1
[  351s] [85/534] installing libselinux-3.1-3.oe1
[  355s] [86/534] installing libxml2-2.9.12-5.oe1
[  357s] [87/534] installing bash-5.1-1.oe1
[  360s] [88/534] installing perl-libs-4:5.28.0-435.oe1
[  365s] [89/534] installing zstd-1.4.8-2.oe1
[  367s] [90/534] installing ncurses-6.1-14.oe1
[  376s] [91/534] installing thin-provisioning-tools-0.8.5-1.oe1
[  377s] [92/534] installing perl-parent-1:0.237-4.oe1
[  378s] [93/534] installing perl-perlfaq-5.20180915-5.oe1
[  379s] [94/534] installing libX11-1.6.9-2.oe1
[  382s] [95/534] installing mpfr-4.1.0-1.oe1
[  384s] [96/534] installing nettle-3.6-6.oe1
[  385s] [97/534] installing pcre2-10.36-1.oe1
[  387s] [98/534] installing perl-Exporter-5.74-1.oe1
[  388s] [99/534] installing file-5.39-6.oe1
[  390s] [100/534] installing gdbm-1:1.18.1-1.oe1
[  391s] [101/534] installing patch-2.7.6-12.oe1
[  392s] [102/534] installing qrencode-4.1.1-1
[  393s] [103/534] installing sed-4.8-2.oe1
[  397s] [104/534] installing acl-2.2.53-7.oe1
[  398s] [105/534] installing libcomps-0.1.15-1.oe1
[  399s] [106/534] installing pcre-8.44-1.oe1
[  400s] [107/534] installing glibc-common-2.34-64.oe1
[  410s] [108/534] installing coreutils-8.31-4.oe1
[  419s] [109/534] installing alsa-lib-1.2.4-1.oe1
[  421s] [110/534] installing crontabs-1.11-21.oe1
[  422s] [111/534] installing elfutils-default-yama-scope-0.185-3.oe1
[  423s] /usr/lib/systemd/systemd-sysctl: error while loading shared libraries: libkmod.so.2: cannot open shared object file: No such file or directory
[  423s] [112/534] installing libXcomposite-0.4.5-1.oe1
[  424s] [113/534] installing libXext-1.3.4-2.oe1
[  425s] [114/534] installing libXpm-3.5.12-11.oe1
[  427s] [115/534] installing libXrender-0.9.10-10.oe1
[  428s] [116/534] installing perl-Carp-1.50-418.oe1
[  429s] [117/534] installing perl-Perl-OSType-1.010-421.oe1
[  430s] [118/534] installing perl-Term-ANSIColor-4.06-511.oe1
[  430s] [119/534] installing publicsuffix-list-20200718-1.oe1
[  432s] [120/534] installing uname-build-checks-1.0-0.4.oe1
[  432s] [121/534] installing bzip2-1.0.8-3.oe1
[  434s] [122/534] installing gzip-1.10-1.oe1
[  435s] [123/534] installing hostname-3.21-2.oe1
[  437s] [124/534] installing libcap-2.32-2.oe1
[  438s] [125/534] installing libmpc-1.2.0-2.oe1
[  440s] [126/534] installing libseccomp-2.4.3-2.oe1
[  441s] [127/534] installing lksctp-tools-1.0.16-11.oe1
[  443s] [128/534] installing npth-1.5-7.oe1
[  444s] [129/534] installing popt-1.18-1.oe1
[  446s] [130/534] installing grep-3.6-1.oe1
[  449s] [131/534] installing libXt-1.2.0-0.oe1
[  454s] [132/534] installing libblkid-2.36.1-3.oe1
[  456s] [133/534] installing libidn2-2.3.0-1.oe1
[  458s] [134/534] installing libksba-1.3.5-12.oe1
[  459s] [135/534] installing tar-2:1.32-3.oe1
[  462s] [136/534] installing tcl-1:8.6.10-3.oe1
[  465s] [137/534] installing apr-1.7.0-4.oe1
[  466s] [138/534] installing info-6.7-2.oe1
[  468s] [139/534] installing jsoncpp-1.9.4-1.oe1
[  469s] [140/534] installing libgpg-error-devel-1.41-1.oe1
[  471s] [141/534] installing lua-5.3.5-6.oe1
[  472s] [142/534] installing slang-2.3.2-8.oe1
[  474s] [143/534] installing gawk-5.0.1-2.oe1
[  476s] [144/534] installing libxslt-1.1.32-7.oe1
[  478s] [145/534] installing guile-5:2.0.14-15.oe1
[  484s] [146/534] installing zip-3.0-29.oe1
[  486s] [147/534] installing libXi-1.7.10-1.oe1
[  487s] [148/534] installing libfdisk-2.36.1-3.oe1
[  489s] [149/534] installing newt-0.52.21-4.oe1
[  491s] [150/534] installing perl-Text-ParseWords-3.30-419.oe1
[  492s] [151/534] installing crypto-policies-20180925-3.git71ca85f.oe1
[  497s] [152/534] installing elfutils-libs-0.185-3.oe1
[  498s] [153/534] installing libXmu-1.1.3-1.oe1
[  500s] [154/534] installing libmount-2.36.1-3.oe1
[  502s] [155/534] installing lua-posix-33.3.1-12.oe1
[  504s] [156/534] installing unzip-6.0-47.oe1
[  505s] [157/534] installing cracklib-2.9.7-6.oe1
[  510s] [158/534] installing e2fsprogs-1.45.6-3.oe1
[  513s] [159/534] installing findutils-2:4.7.0-7.oe1
[  521s] [160/534] installing libsemanage-3.1-4.oe1
[  522s] [161/534] installing make-1:4.2.1-15.oe1
[  527s] [162/534] installing sqlite-3.24.0-9.oe1
[  529s] [163/534] installing xz-5.2.5-1.oe1
[  530s] [164/534] installing logrotate-3.15.1-2.oe1
[  532s] [165/534] installing perl-Scalar-List-Utils-3:1.52-2.oe1
[  533s] [166/534] installing perl-Time-HiRes-1.9760-2.oe1
[  536s] [167/534] installing perl-Unicode-Normalize-1.26-419.oe1
[  538s] [168/534] installing freetype-2.10.2-3.oe1
[  540s] [169/534] installing glibc-devel-2.34-64.oe1
[  549s] [170/534] installing libgcrypt-devel-1.8.7-1.oe1
[  550s] [171/534] installing cpp-10.3.1-20220105.6.oe1
[  558s] [172/534] installing gnupg2-2.2.27-2.oe1
[  562s] [173/534] installing systemd-libs-243-22.oe1
[  564s] [174/534] installing dbus-libs-1:1.12.20-3.oe1
[  566s] [175/534] installing libxcrypt-devel-4.4.8-4.oe1
[  568s] [176/534] installing p11-kit-0.23.22-1.oe1
[  570s] [177/534] installing procps-ng-3.3.16-15.oe1
[  572s] [178/534] installing copy-jdk-configs-4.0-1.oe1
[  573s] [179/534] installing gpgme-1.15.1-1.oe1
[  575s] [180/534] installing libXtst-1.2.3-10.oe1
[  577s] [181/534] installing openssl-libs-1:1.1.1f-2.oe1
[  581s] [182/534] installing chkconfig-1.14-2.oe1
[  583s] [183/534] installing elfutils-0.185-3.oe1
[  585s] [184/534] installing libXaw-1.0.13-13.oe1
[  587s] [185/534] installing xorg-x11-font-utils-1:7.5-43.oe1
[  588s] [186/534] installing fontconfig-2.13.92-1.oe1
[  593s] [187/534] installing glib2-2.66.8-1.oe1
[  600s] [188/534] installing dbus-tools-1:1.12.20-3.oe1
[  601s] [189/534] installing ima-evm-utils-libs-1.2.1-8.oe1
[  602s] [190/534] installing libevent-2.1.12-4
[  604s] [191/534] installing libcroco-0.6.12-13.oe1
[  605s] [192/534] installing libtcnative-1-0-1.2.23-3.oe1
[  607s] [193/534] installing fipscheck-1.5.0-7.oe1
[  609s] [194/534] installing gamin-0.1.10-38.oe1
[  611s] [195/534] installing kmod-libs-27-4.oe1
[  612s] [196/534] installing libsecret-0.18.6-5.oe1
[  614s] [197/534] installing obs-env-1.0-5.oe1
[  622s] [198/534] installing xorg-x11-fonts-others-7.5-24
[  635s] [199/534] installing kmod-27-4.oe1
[  638s] [200/534] installing binutils-2.37-6.oe1
[  645s] [201/534] installing p11-kit-trust-0.23.22-1.oe1
[  647s] [202/534] installing babeltrace-1.5.8-1.oe1
[  649s] [203/534] installing libarchive-3.5.1-1.oe1
[  652s] [204/534] installing nodejs-libs-1:16.10.0-1.oe1
[  686s] [205/534] installing libverto-0.3.1-2.oe1
[  688s] [206/534] installing ca-certificates-2020.2.46-2.oe1
[  695s] [207/534] installing gettext-0.20.1-2.oe1
[  699s] [208/534] installing gcc-10.3.1-20220105.6.oe1
[  720s] [209/534] installing rpm-libs-4.15.1-25.oe1
[  722s] [210/534] installing python-pip-wheel-19.2.3-2.fc32
[  723s] [211/534] installing libmodulemd-2.13.0-1.oe1
[  726s] [212/534] installing gcc-c++-10.3.1-20220105.6.oe1
[  735s] [213/534] installing krb5-libs-1.18.2-3.oe1
[  737s] [214/534] installing libtirpc-1.3.1-1.oe1
[  738s] [215/534] installing cyrus-sasl-lib-2.1.27-10.oe1
[  740s] [216/534] installing libssh-0.9.5-1.oe1
[  741s] [217/534] installing openldap-2.4.46-15.oe1
[  743s] [218/534] installing libnsl2-1.3.0-2.oe1
[  745s] [219/534] installing python3-3.8.5-13.oe1
[  766s] [220/534] installing python3-pyparsing-2.4.5-1.fc32
[  767s] [221/534] installing python3-setuptools-59.4.0-3.oe1
[  771s] [222/534] installing python3-setuptools_scm-3.3.3-6.fc32
[  773s] [223/534] installing python3-six-1.15.0-3.oe1
[  774s] [224/534] installing python3-gpgme-1.15.1-1.oe1
[  776s] [225/534] installing python3-lxml-4.4.1-3.fc32
[  779s] [226/534] installing python3-libcomps-0.1.15-1.oe1
[  781s] [227/534] installing libpsl-0.21.1-1.oe1
[  783s] [228/534] installing gdb-headless-9.2-5.oe1
[  788s] [229/534] installing systemtap-sdt-devel-4.1-3.oe1
[  789s] [230/534] installing gdb-9.2-5.oe1
[  790s] [231/534] installing python3-javapackages-5.3.0-3.oe1
[  792s] [232/534] installing python3-pip-19.2.3-2.fc32
[  798s] [233/534] installing libcurl-7.79.1-1.oe1
[  799s] [234/534] installing curl-7.79.1-1.oe1
[  800s] [235/534] installing librepo-1.14.2-2.oe1
[  802s] [236/534] installing rpm-4.15.1-25.oe1
[  805s] [237/534] installing efi-srpm-macros-4-3.oe1
[  806s] [238/534] installing cmake-rpm-macros-3.22.0-1.oe1
[  807s] [239/534] installing libsolv-0.7.20-1.oe1
[  809s] [240/534] installing python3-rpm-4.15.1-25.oe1
[  810s] [241/534] installing openEuler-rpm-config-30-22.oe1
[  812s] [242/534] installing libdnf-0.65.0-2.oe1
[  814s] [243/534] installing cmake-3.22.0-1.oe1
[  826s] [244/534] installing cmake-data-3.22.0-1.oe1
[  840s] [245/534] installing python3-libdnf-0.65.0-2.oe1
[  843s] [246/534] installing perl-4:5.28.0-435.oe1
[  850s] [247/534] installing perl-B-Debug-1.26-4.oe1
[  851s] [248/534] installing perl-Env-1.04-397.oe1
[  852s] [249/534] installing perl-Devel-PPPort-3.42-4.oe1
[  854s] [250/534] installing perl-Pod-Escapes-1:1.07-419.oe1
[  855s] [251/534] installing perl-Text-Tabs+Wrap-2013.0523-419.oe1
[  855s] [252/534] installing perl-Algorithm-Diff-1.1903-14.oe1
[  857s] [253/534] installing perl-Params-Check-1:0.38-418.oe1
[  858s] [254/534] installing perl-Term-Cap-1.17-510.oe1
[  859s] [255/534] installing perl-TermReadKey-2.38-2.oe1
[  861s] [256/534] installing perl-Text-Balanced-2.03-420.oe1
[  862s] [257/534] installing perl-threads-1:2.22-419.oe1
[  863s] [258/534] installing openssl-1:1.1.1f-2.oe1
[  865s] [259/534] installing perl-Config-Perl-V-0.30-5.oe1
[  866s] [260/534] installing perl-Error-1:0.17029-1.oe1
[  867s] [261/534] installing perl-Filter-2:1.59-2.oe1
[  869s] [262/534] installing perl-IPC-SysV-2.07-5.oe1
[  871s] [263/534] installing perl-Locale-Maketext-1:1.28-1.oe1
[  872s] [264/534] installing perl-constant-1.33-421.oe1
[  873s] [265/534] installing perl-MIME-Base64-3.15-418.oe1
[  876s] [266/534] installing perl-CPAN-Meta-YAML-0.018-420.oe1
[  877s] [267/534] installing perl-Socket-4:2.029-2.oe1
[  879s] [268/534] installing perl-Storable-1:3.15-2.oe1
[  880s] [269/534] installing python3-hawkey-0.65.0-2.oe1
[  882s] [270/534] installing perl-PerlIO-via-QuotedPrint-0.08-397.oe1
[  883s] [271/534] installing perl-Digest-1.17-419.oe1
[  884s] [272/534] installing perl-Filter-Simple-1:0.94-1.oe1
[  885s] [273/534] installing perl-IO-Socket-IP-0.39-420.oe1
[  886s] [274/534] installing perl-Text-Diff-1.45-7.oe1
[  887s] [275/534] installing perl-Time-Local-2:1.280-6.oe1
[  888s] [276/534] installing perl-version-8:0.99.24-3.oe1
[  890s] [277/534] installing perl-IPC-System-Simple-1.25-19.oe1
[  891s] [278/534] installing perl-threads-shared-1.59-2.oe1
[  892s] [279/534] installing perl-Compress-Raw-Bzip2-2.100-1.oe1
[  894s] [280/534] installing perl-Compress-Raw-Zlib-1:2.100-1.oe1
[  895s] [281/534] installing perl-Locale-Codes-3.58-2.oe1
[  897s] [282/534] installing perl-Math-BigInt-1:1.9998.13-5.oe1
[  899s] [283/534] installing perl-PathTools-3.75-4.oe1
[  900s] [284/534] installing python3-dnf-4.10.0-1.oe1
[  903s] [285/534] installing perl-Data-Dumper-2.172-3.oe1
[  905s] [286/534] installing perl-Sys-Syslog-0.35-420.oe1
[  907s] [287/534] installing perl-Encode-4:2.98-9.oe1
[  911s] [288/534] installing autogen-5.18.16-1.oe1
[  913s] [289/534] installing nodejs-1:16.10.0-1.oe1
[  915s] [290/534] installing systemd-243-22.oe1
[  926s] /var/tmp/rpm-tmp.JYPMUt: line 8: groupadd: command not found
[  926s] /var/tmp/rpm-tmp.JYPMUt: line 10: groupadd: command not found
[  926s] /var/tmp/rpm-tmp.JYPMUt: line 13: groupadd: command not found
[  926s] /var/tmp/rpm-tmp.JYPMUt: line 16: groupadd: command not found
[  926s] [291/534] installing dbus-common-1:1.12.20-3.oe1
[  927s] [292/534] installing nodejs-source-map-0.5.6-1.oe1
[  929s] [293/534] installing perl-Module-Load-1:0.32-418.oe1
[  930s] [294/534] installing nodejs-packaging-20-1.oe1
[  932s] [295/534] installing dnf-4.10.0-1.oe1
[  934s] /usr/bin/systemctl: error while loading shared libraries: libjson-c.so.5: cannot open shared object file: No such file or directory
[  934s] /usr/bin/systemctl: error while loading shared libraries: libjson-c.so.5: cannot open shared object file: No such file or directory
[  934s] /usr/bin/systemctl: error while loading shared libraries: libjson-c.so.5: cannot open shared object file: No such file or directory
[  934s] /usr/bin/systemctl: error while loading shared libraries: libjson-c.so.5: cannot open shared object file: No such file or directory
[  934s] /usr/bin/systemctl: error while loading shared libraries: libjson-c.so.5: cannot open shared object file: No such file or directory
[  934s] [296/534] installing perl-File-Which-1.23-1.oe1
[  935s] [297/534] installing perl-Thread-Queue-3.13-3.oe1
[  936s] [298/534] installing perl-experimental-0.020-2.oe1
[  938s] [299/534] installing perl-Digest-MD5-2.55-419.oe1
[  940s] [300/534] installing perl-File-Path-2.16-4.oe1
[  941s] [301/534] installing perl-Math-BigInt-FastCalc-0.500.700-4.oe1
[  943s] [302/534] installing perl-Module-Metadata-1.000036-3.oe1
[  944s] [303/534] installing perl-CPAN-Meta-Requirements-2.140-419.oe1
[  945s] [304/534] installing perl-Encode-devel-4:2.98-9.oe1
[  946s] [305/534] installing perl-HTTP-Tiny-0.076-3.oe1
[  948s] [306/534] installing perl-Math-BigRat-0.2614-2.oe1
[  950s] [307/534] installing audit-1:3.0-2.oe1
[  952s] /usr/bin/systemctl: error while loading shared libraries: libjson-c.so.5: cannot open shared object file: No such file or directory
[  952s] [308/534] installing perl-DB_File-1.842-2.oe1
[  954s] [309/534] installing perl-autodie-2.29-398.oe1
[  955s] [310/534] installing perl-Unicode-Collate-1.25-4.oe1
[  959s] [311/534] installing perl-IO-Compress-2.081-6.oe1
[  960s] [312/534] installing perl-podlators-1:4.14-1.oe1
[  962s] [313/534] installing perl-ExtUtils-Command-1:7.60-1.oe1
[  963s] [314/534] installing perl-ExtUtils-Manifest-1:1.71-4.oe1
[  964s] [315/534] installing perl-bignum-0.50-4.oe1
[  965s] [316/534] installing perl-File-Temp-1:0.230.800-4.oe1
[  967s] [317/534] installing perl-libnet-3.11-420.oe1
[  968s] [318/534] installing pam-1.5.1-1.oe1
[  972s] [319/534] installing libpwquality-1.4.4-1.oe1
[  974s] [320/534] installing perl-File-HomeDir-1.004-4.oe1
[  975s] [321/534] installing shadow-2:4.8.1-5.oe1
[  978s] [322/534] installing perl-Test-Simple-2:1.302175-2.oe1
[  979s] [323/534] installing libutempter-1.1.6-16.oe1
[  982s] [324/534] installing unbound-libs-1.10.1-4.oe1
[  985s] /usr/bin/systemctl: error while loading shared libraries: libjson-c.so.5: cannot open shared object file: No such file or directory
[  985s] [325/534] installing dbus-daemon-1:1.12.20-3.oe1
[  988s] /usr/bin/systemctl: error while loading shared libraries: libjson-c.so.5: cannot open shared object file: No such file or directory
[  988s] /usr/bin/systemctl: error while loading shared libraries: libjson-c.so.5: cannot open shared object file: No such file or directory
[  988s] [326/534] installing openssh-server-8.2p1-10.oe1
[  991s] /usr/bin/systemctl: error while loading shared libraries: libjson-c.so.5: cannot open shared object file: No such file or directory
[  991s] [327/534] installing groff-1.22.4-4.oe1
[  997s] [328/534] installing dbus-1:1.12.20-3.oe1
[  999s] [329/534] installing man-db-2.9.3-2.oe1
[ 1004s] [330/534] installing perl-Pod-Perldoc-1:3.28-3.oe1
[ 1005s] [331/534] installing gnutls-3.6.15-3.oe1
[ 1008s] [332/534] installing util-linux-2.36.1-3.oe1
[ 1015s] [333/534] installing nss-help-3.54.0-9.oe1
[ 1017s] [334/534] installing perl-Pod-Usage-4:1.69-418.oe1
[ 1018s] [335/534] installing device-mapper-8:1.02.172-1.oe1
[ 1020s] [336/534] installing openssh-8.2p1-10.oe1
[ 1022s] [337/534] installing cryptsetup-2.3.3-3.oe1
[ 1026s] [338/534] installing perl-Getopt-Long-1:2.52-1.oe1
[ 1027s] [339/534] installing device-mapper-event-8:1.02.172-1.oe1
[ 1029s] /usr/bin/systemctl: error while loading shared libraries: libjson-c.so.5: cannot open shared object file: No such file or directory
[ 1029s] systemctl: error while loading shared libraries: libjson-c.so.5: cannot open shared object file: No such file or directory
[ 1029s] [340/534] installing nss-3.54.0-9.oe1
[ 1036s] [341/534] installing openssh-clients-8.2p1-10.oe1
[ 1039s] [342/534] installing nss-util-3.54.0-9.oe1
[ 1041s] [343/534] installing perl-ExtUtils-ParseXS-2:3.35-1.oe1
[ 1043s] [344/534] installing perl-Module-CoreList-1:5.20180920-2.oe1
[ 1044s] [345/534] installing perl-Digest-SHA-1:6.02-7.oe1
[ 1046s] [346/534] installing perl-Pod-Parser-1.63-397.oe1
[ 1047s] [347/534] installing perl-Pod-Simple-1:3.35-418.oe1
[ 1048s] [348/534] installing perl-Test-Harness-1:3.43_02-1.oe1
[ 1050s] [349/534] installing perl-Archive-Tar-2.30-421.oe1
[ 1051s] [350/534] installing perl-JSON-PP-1:4.04-2.oe1
[ 1053s] [351/534] installing lvm2-8:2.03.11-1.oe1
[ 1057s] /usr/bin/systemctl: error while loading shared libraries: libjson-c.so.5: cannot open shared object file: No such file or directory
[ 1057s] systemctl: error while loading shared libraries: libjson-c.so.5: cannot open shared object file: No such file or directory
[ 1057s] /usr/bin/systemctl: error while loading shared libraries: libjson-c.so.5: cannot open shared object file: No such file or directory
[ 1057s] systemctl: error while loading shared libraries: libjson-c.so.5: cannot open shared object file: No such file or directory
[ 1057s] [352/534] installing autoconf-2.69-30.oe1
[ 1060s] [353/534] installing git-2.23.0-12.oe1
[ 1069s] [354/534] installing nss-softokn-3.54.0-9.oe1
[ 1072s] [355/534] installing perl-Pod-Checker-4:1.73-398.oe1
[ 1073s] [356/534] installing perl-Git-2.23.0-12.oe1
[ 1074s] [357/534] installing perl-CPAN-Meta-2.150010-419.oe1
[ 1076s] [358/534] installing perl-Module-Load-Conditional-0.68-418.oe1
[ 1077s] [359/534] installing automake-1.16.1-6.oe1
[ 1080s] [360/534] installing perl-ExtUtils-MakeMaker-1:7.60-1.oe1
[ 1081s] [361/534] installing perl-ExtUtils-Install-2.14-419.oe1
[ 1082s] [362/534] installing perl-IPC-Cmd-2:1.04-4.oe1
[ 1084s] [363/534] installing java-1.8.0-openjdk-headless-1:1.8.0.181.b15-1.1.riscv64.fc29
[ 1120s] [364/534] installing rpm-build-4.15.1-25.oe1
[ 1123s] [365/534] installing ant-lib-1.10.5-2.fc29
[ 1125s] [366/534] installing aopalliance-1.0-19.oe1
[ 1126s] [367/534] installing apache-commons-cli-1.4-6.oe1
[ 1127s] [368/534] installing apache-commons-collections-3.2.2-11.oe1
[ 1128s] [369/534] installing apache-commons-compress-1.17-6.oe1
[ 1129s] [370/534] installing apache-commons-lang-2.6-23.oe1
[ 1131s] [371/534] installing apache-commons-lang3-3.9-3.oe1
[ 1132s] [372/534] installing apache-ivy-2.4.0-17.oe1
[ 1140s] [373/534] installing apache-resource-bundles-2-23.oe1
[ 1141s] [374/534] installing atinject-1-31.oe1
[ 1142s] [375/534] installing avalon-logkit-2.1-32.oe1
[ 1143s] [376/534] installing beust-jcommander-1.71-7.oe1
[ 1144s] [377/534] installing dain-snappy-0.4-7.oe1
[ 1146s] [378/534] installing extra166y-1.7.0-11.oe1
[ 1148s] [379/534] installing geronimo-annotation-1.0-25.oe1
[ 1149s] [380/534] installing glassfish-el-api-3.0.1-0.7.b09.oe1
[ 1150s] [381/534] installing guava20-20.0-8.fc29
[ 1153s] [382/534] installing hawtjni-runtime-1.16-4.oe1
[ 1155s] [383/534] installing httpcomponents-core-4.4.10-4.oe1
[ 1165s] [384/534] installing jboss-interceptors-1.2-api-1.0.0-9.oe1
[ 1167s] [385/534] installing jdom2-2.0.6-14.oe1
[ 1169s] [386/534] installing jzlib-1.1.3-11.oe1
[ 1170s] [387/534] installing maven-monitor-2.2.1-60.oe1
[ 1171s] [388/534] installing maven-resolver-api-1:1.1.1-3.oe1
[ 1172s] [389/534] installing multiverse-0.7.0-10.oe1
[ 1177s] [390/534] installing objenesis-2.6-4.oe1
[ 1179s] [391/534] installing osgi-annotation-7.0.0-1.oe1
[ 1181s] [392/534] installing osgi-core-7.0.0-1.oe1
[ 1182s] [393/534] installing plexus-cipher-1.7-16.oe1
[ 1184s] [394/534] installing plexus-classworlds-2.5.2-10.oe1
[ 1185s] [395/534] installing plexus-containers-component-annotations-1.7.1-7.oe1
[ 1186s] [396/534] installing plexus-interpolation-1.22-11.oe1
[ 1187s] [397/534] installing plexus-utils-3.1.0-4.oe1
[ 1188s] [398/534] installing qdox-2.0-5.M9.oe1
[ 1189s] [399/534] installing slf4j-1.7.25-8.oe1
[ 1190s] [400/534] installing xml-commons-apis-1.4.01-29.oe1
[ 1196s] [401/534] installing xmvn-api-3.0.0-25.oe1
[ 1197s] [402/534] installing xmvn-core-3.0.0-25.oe1
[ 1198s] [403/534] installing xpp3-1.1.4-21.oe1
[ 1200s] [404/534] installing xz-java-1.8-4.oe1
[ 1202s] [405/534] installing ecj-1:4.9-1.fc29
[ 1204s] [406/534] installing netty-tcnative-1.1.33-1.oe1
[ 1206s] [407/534] installing antlr-tool-2.7.7-60.oe1
[ 1208s] [408/534] installing javapackages-tools-5.3.0-3.oe1
[ 1210s] [409/534] installing gcc_secure-1.0-0.9.oe1
[ 1211s] [410/534] installing perl-File-Fetch-0.56-4.oe1
[ 1212s] [411/534] installing perl-devel-4:5.28.0-435.oe1
[ 1224s] [412/534] installing java-1.8.0-openjdk-1:1.8.0.181.b15-1.1.riscv64.fc29
[ 1226s] [413/534] installing apache-commons-codec-1.11-4.fc29
[ 1227s] [414/534] installing apache-commons-logging-1.2-14.fc29
[ 1228s] [415/534] installing osgi-compendium-6.0.0-6.fc29
[ 1229s] [416/534] installing avalon-framework-4.3-22.oe1
[ 1231s] [417/534] installing jansi-native-1.7-7.oe1
[ 1232s] [418/534] installing jcsp-1.1-0.13.oe1
[ 1242s] [419/534] installing maven-artifact-2.2.1-60.oe1
[ 1243s] [420/534] installing maven-model-2.2.1-60.oe1
[ 1244s] [421/534] installing maven-resolver-spi-1:1.1.1-3.oe1
[ 1245s] [422/534] installing maven-resolver-util-1:1.1.1-3.oe1
[ 1246s] [423/534] installing maven-wagon-provider-api-3.1.0-2.oe1
[ 1247s] [424/534] installing plexus-build-api-0.0.7-23.oe1
[ 1248s] [425/534] installing plexus-component-api-1.0-0.25.alpha16.oe1
[ 1249s] [426/534] installing xstream-1.4.9-8.fc29
[ 1250s] [427/534] installing jtidy-2:1.0-0.29.20100930svn1125.oe1
[ 1252s] [428/534] installing log4j12-1.2.17-23.fc29
[ 1253s] [429/534] installing maven-invoker-2.2-9.oe1
[ 1255s] [430/534] installing netty3-3.10.6-5.fc29
[ 1257s] [431/534] installing objectweb-asm-7.0-1.oe1
[ 1258s] [432/534] installing plexus-sec-dispatcher-1.4-26.oe1
[ 1260s] [433/534] installing velocity-1.7-26.oe1
[ 1261s] [434/534] installing xml-commons-resolver-1.2-27.oe1
[ 1262s] [435/534] installing xmvn-connector-aether-3.0.0-25.oe1
[ 1263s] [436/534] installing cdi-api-1.2-9.oe1
[ 1264s] [437/534] installing google-guice-4.1-13.oe1
[ 1268s] [438/534] installing xmvn-resolve-3.0.0-25.oe1
[ 1269s] [439/534] installing xmvn-subst-3.0.0-25.oe1
[ 1270s] [440/534] installing java-1.8.0-openjdk-devel-1:1.8.0.181.b15-1.1.riscv64.fc29
[ 1284s] [441/534] installing bsf-2.4.0-32.oe1
[ 1285s] [442/534] installing cglib-3.2.4-8.fc29
[ 1287s] [443/534] installing fontbox-2.0.9-2.fc29
[ 1289s] [444/534] installing apache-commons-configuration-1.10-13.oe1
[ 1291s] [445/534] installing jakarta-commons-httpclient-1:3.1-30.oe1
[ 1298s] [446/534] installing jansi-1.17.1-2.oe1
[ 1299s] [447/534] installing maven-dependency-tree-3.0-7.oe1
[ 1301s] [448/534] installing plexus-interactivity-api-1.0-0.27.alpha6.fc29
[ 1302s] [449/534] installing plexus-languages-0.9.10-4.oe1
[ 1303s] [450/534] installing maven-resolver-impl-1:1.1.1-3.oe1
[ 1304s] [451/534] installing xmvn-mojo-3.0.0-25.oe1
[ 1305s] [452/534] installing httpcomponents-client-4.5.5-6.oe1
[ 1307s] [453/534] installing sisu-inject-1:0.3.3-5.oe1
[ 1312s] [454/534] installing xerces-j2-2.11.0-37.oe1
[ 1318s] [455/534] installing xmvn-install-3.0.0-25.oe1
[ 1319s] [456/534] installing jline-2.14.6-4.oe1
[ 1322s] [457/534] installing easymock-3.5-4.fc29
[ 1323s] [458/534] installing xalan-j2-2.7.1-38.fc29
[ 1325s] [459/534] installing javapackages-local-5.3.0-3.oe1
[ 1327s] [460/534] installing groovy-lib-2.4.8-7.fc29
[ 1336s] [461/534] installing hamcrest-1.3-25.oe1
[ 1337s] [462/534] installing bsh-2.0-15.b6.oe1
[ 1339s] [463/534] installing gpars-1.2.1-12.fc29
[ 1341s] [464/534] installing scala-2.10.6-14.fc29
[ 1355s] [465/534] installing xbean-4.9-3.oe1
[ 1361s] [466/534] installing junit-1:4.12-14.oe1
[ 1362s] [467/534] installing parboiled-1.1.6-17.oe1
[ 1364s] [468/534] installing plexus-containers-container-default-1.7.1-7.oe1
[ 1365s] [469/534] installing apache-commons-io-1:2.6-7.oe1
[ 1366s] [470/534] installing maven-doxia-logging-api-1.7-12.oe1
[ 1367s] [471/534] installing pegdown-1.4.2-14.oe1
[ 1370s] [472/534] installing maven-plugin-registry-2.2.1-60.oe1
[ 1371s] [473/534] installing plexus-i18n-1.0-0.12.b10.6.oe1
[ 1372s] [474/534] installing plexus-resources-1.0-0.25.a7.oe1
[ 1373s] [475/534] installing plexus-ant-factory-1.0-1.21.a2.2.oe1
[ 1374s] [476/534] installing plexus-cli-1.6-9.oe1
[ 1375s] [477/534] installing plexus-velocity-1.2-6.oe1
[ 1376s] [478/534] installing xmlunit-1.6-10.oe1
[ 1378s] [479/534] installing maven-profile-2.2.1-60.oe1
[ 1379s] [480/534] installing maven-settings-2.2.1-60.oe1
[ 1381s] [481/534] installing plexus-bsh-factory-1.0-1.20.a7.oe1
[ 1382s] [482/534] installing maven-doxia-sink-api-1.7-12.oe1
[ 1383s] [483/534] installing maven-shared-utils-3.2.1-2.oe1
[ 1384s] [484/534] installing plexus-io-3.0.0-4.oe1
[ 1385s] [485/534] installing xmlgraphics-commons-2.2-3.oe1
[ 1393s] [486/534] installing maven-reporting-api-3.0-17.oe1
[ 1394s] [487/534] installing maven-verifier-1.6-8.oe1
[ 1396s] [488/534] installing batik-1.10-2.fc29
[ 1403s] [489/534] installing plexus-archiver-3.6.0-3.oe1
[ 1406s] [490/534] installing maven-doxia-core-1.7-12.oe1
[ 1407s] [491/534] installing maven-lib-1:3.5.4-8.oe1
[ 1410s] [492/534] installing maven-artifact-resolver-1:1.0-21.oe1
[ 1411s] [493/534] installing batik-css-1.10-2.fc29
[ 1412s] [494/534] installing maven-common-artifact-filters-3.0.1-7.oe1
[ 1414s] [495/534] installing maven-enforcer-api-1.4.1-11.oe1
[ 1415s] [496/534] installing maven-plugin-testing-harness-3.3.0-14.oe1
[ 1416s] [497/534] installing maven-shared-incremental-1.1-16.oe1
[ 1418s] [498/534] installing maven-doxia-module-apt-1.7-12.oe1
[ 1419s] [499/534] installing maven-doxia-module-fml-1.7-12.oe1
[ 1420s] [500/534] installing maven-doxia-module-xdoc-1.7-12.oe1
[ 1421s] [501/534] installing maven-doxia-module-xhtml-1.7-12.oe1
[ 1422s] [502/534] installing maven-artifact-manager-2.2.1-60.oe1
[ 1423s] [503/534] installing maven-filtering-3.1.1-7.oe1
[ 1425s] [504/534] installing maven-archiver-3.2.0-5.oe1
[ 1426s] [505/534] installing fop-2.2-2.fc29
[ 1431s] [506/534] installing xmvn-minimal-3.0.0-25.oe1
[ 1432s] [507/534] installing maven-jar-plugin-3.1.0-3.oe1
[ 1433s] [508/534] installing maven-source-plugin-3.0.1-6.oe1
[ 1434s] [509/534] installing maven-resources-plugin-3.1.0-4.oe1
[ 1436s] [510/534] installing maven-doxia-module-markdown-1.7-12.oe1
[ 1437s] [511/534] installing maven-artifact-transfer-1:0.9.0-7.oe1
[ 1438s] [512/534] installing maven-doxia-module-fo-1.7-12.oe1
[ 1439s] [513/534] installing maven-project-2.2.1-60.oe1
[ 1440s] [514/534] installing maven-enforcer-rules-1.4.1-11.oe1
[ 1441s] [515/534] installing plexus-containers-component-metadata-1.7.1-7.oe1
[ 1442s] [516/534] installing maven-remote-resources-plugin-1.5-4.oe1
[ 1444s] [517/534] installing maven-doxia-sitetools-1.7.5-5.oe1
[ 1446s] [518/534] installing maven-enforcer-plugin-1.4.1-11.oe1
[ 1447s] [519/534] installing maven-reporting-impl-3.0.0-5.oe1
[ 1448s] [520/534] installing maven-javadoc-plugin-3.0.1-3.oe1
[ 1450s] [521/534] installing plexus-pom-5.0-4.oe1
[ 1451s] [522/534] installing apache-parent-19-5.oe1
[ 1452s] [523/534] installing maven-parent-27-7.oe1
[ 1453s] [524/534] installing plexus-components-pom-1.3.1-14.oe1
[ 1455s] [525/534] installing plexus-compiler-2.8.2-4.oe1
[ 1457s] [526/534] installing maven-plugin-tools-3.5.1-7.oe1
[ 1461s] [527/534] installing maven-compiler-plugin-3.8.0-2.oe1
[ 1462s] [528/534] installing maven-surefire-2.22.0-6.oe1
[ 1464s] [529/534] installing maven-plugin-tools-generators-3.5.1-7.oe1
[ 1465s] [530/534] installing maven-surefire-plugin-2.22.0-6.oe1
[ 1466s] [531/534] installing maven-surefire-provider-junit-2.22.0-6.oe1
[ 1468s] [532/534] installing maven-surefire-provider-testng-2.22.0-6.oe1
[ 1469s] [533/534] installing maven-script-3.5.1-7.oe1
[ 1470s] [534/534] installing maven-local-5.3.0-3.oe1
[ 1471s] removing nis flags from /var/cache/obs/worker/root_2/etc/nsswitch.conf...
[ 1472s] now finalizing build dir...
[ 1485s] Running build time source services...
[ 1500s] -----------------------------------------------------------------
[ 1500s] ----- building aqute-bnd.spec (user abuild)
[ 1500s] -----------------------------------------------------------------
[ 1500s] -----------------------------------------------------------------
[ 1507s] + exec rpmbuild -ba --define '_srcdefattr (-,root,root)' --nosignature --define 'disturl obs://private/openEuler:Mainline:RISC-V/advanced_riscv64/06654849a832a9e58126989d3b47f105-aqute-bnd' /home/abuild/rpmbuild/SOURCES/aqute-bnd.spec
[ 1508s] warning: line 147: multiple %files for package 'aqute-bnd'
[ 1508s] warning: line 148: multiple %files for package 'aqute-bnd'
[ 1508s] error: bad date in %changelog: Fri Feb 14 likexin <likexin4@huawei.com> - 3.5.0-6
[ 1508s] Executing(%prep): /bin/sh -e /var/tmp/rpm-tmp.XxArI4
[ 1508s] + umask 022
[ 1508s] + cd /home/abuild/rpmbuild/BUILD
[ 1508s] + cd /home/abuild/rpmbuild/BUILD
[ 1508s] + rm -rf bnd-3.5.0.REL
[ 1508s] + /usr/bin/gzip -dc /home/abuild/rpmbuild/SOURCES/3.5.0.REL.tar.gz
[ 1508s] + /usr/bin/tar -xof -
[ 1519s] + STATUS=0
[ 1519s] + '[' 0 -ne 0 ']'
[ 1519s] + cd bnd-3.5.0.REL
[ 1519s] + /usr/bin/chmod -Rf a+rX,u+w,g-w,o-w .
[ 1521s] + /usr/bin/patch -p1 -s --fuzz=0 --no-backup-if-mismatch
[ 1521s] + /usr/bin/cat /home/abuild/rpmbuild/SOURCES/0001-Disable-removed-commands.patch
[ 1521s] + /usr/bin/cat /home/abuild/rpmbuild/SOURCES/0002-Fix-ant-compatibility.patch
[ 1521s] + /usr/bin/patch -p1 -s --fuzz=0 --no-backup-if-mismatch
[ 1522s] + /usr/bin/cat /home/abuild/rpmbuild/SOURCES/0003-Port-to-OSGI-7.0.0.patch
[ 1522s] + /usr/bin/patch -p1 -s --fuzz=0 --no-backup-if-mismatch
[ 1522s] + rm gradlew gradlew.bat
[ 1522s] + rm biz.aQute.bnd/src/aQute/bnd/main/RemoteCommand.java biz.aQute.bnd/src/aQute/bnd/main/ResolveCommand.java
[ 1522s] + cp /home/abuild/rpmbuild/SOURCES/parent.pom .
[ 1522s] + sed -i s/2.4.0/@VERSION@/ parent.pom
[ 1522s] + sed -i '$d' parent.pom
[ 1522s] + echo '    <modules>
[ 1522s]         <module>aQute.libg</module>
[ 1522s]         <module>biz.aQute.bndlib</module>
[ 1522s]         <module>biz.aQute.bnd</module>
[ 1522s]         <module>biz.aQute.bnd.annotation</module>
[ 1522s]         <module>maven</module>
[ 1522s]     </modules>
[ 1522s] 
[ 1522s]     <build>
[ 1522s]         <sourceDirectory>src</sourceDirectory>
[ 1522s]         <resources>
[ 1522s]             <resource>
[ 1522s]                 <directory>src/</directory>
[ 1522s]                 <excludes>
[ 1522s]                     <exclude>**/*.java</exclude>
[ 1522s]                     <exclude>**/packageinfo</exclude>
[ 1522s]                 </excludes>
[ 1522s]             </resource>
[ 1522s]         </resources>
[ 1522s]         <plugins>
[ 1522s]             <plugin>
[ 1522s]                 <groupId>org.apache.maven.plugins</groupId>
[ 1522s]                 <artifactId>maven-compiler-plugin</artifactId>
[ 1522s]                 <version>3.5.1</version>
[ 1522s]                 <configuration>
[ 1522s]                     <source>1.7</source>
[ 1522s]                     <target>1.7</target>
[ 1522s]                 </configuration>
[ 1522s]             </plugin>
[ 1522s]         </plugins>
[ 1522s]     </build>
[ 1522s] 
[ 1522s] </project>'
[ 1522s] + sed s/@VERSION@/3.5.0/ parent.pom
[ 1522s] + sed -i 's|${Bundle-Version}|3.5.0|' biz.aQute.bndlib/src/aQute/bnd/osgi/bnd.info
[ 1522s] + cd aQute.libg
[ 1522s] + cp -p /home/abuild/rpmbuild/SOURCES/aQute.libg-3.5.0.pom pom.xml
[ 1522s] + /usr/bin/python3 /usr/share/java-utils/pom_editor.py pom_add_parent biz.aQute.bnd:parent:3.5.0
[ 1524s] + /usr/bin/python3 /usr/share/java-utils/pom_editor.py pom_add_dep org.osgi:osgi.cmpn
[ 1526s] + /usr/bin/python3 /usr/share/java-utils/pom_editor.py pom_add_dep org.slf4j:slf4j-api
[ 1528s] + cd -
[ 1528s] /home/abuild/rpmbuild/BUILD/bnd-3.5.0.REL
[ 1528s] + cd biz.aQute.bnd.annotation
[ 1528s] + cp -p /home/abuild/rpmbuild/SOURCES/biz.aQute.bnd.annotation-3.5.0.pom pom.xml
[ 1528s] + /usr/bin/python3 /usr/share/java-utils/pom_editor.py pom_add_parent biz.aQute.bnd:parent:3.5.0
[ 1530s] + cd -
[ 1530s] /home/abuild/rpmbuild/BUILD/bnd-3.5.0.REL
[ 1530s] + cd biz.aQute.bndlib
[ 1530s] + cp -p /home/abuild/rpmbuild/SOURCES/biz.aQute.bndlib-3.5.0.pom pom.xml
[ 1530s] + /usr/bin/python3 /usr/share/java-utils/pom_editor.py pom_add_parent biz.aQute.bnd:parent:3.5.0
[ 1532s] + /usr/bin/python3 /usr/share/java-utils/pom_editor.py pom_add_dep org.osgi:osgi.annotation
[ 1534s] + /usr/bin/python3 /usr/share/java-utils/pom_editor.py pom_add_dep org.osgi:osgi.core
[ 1536s] + /usr/bin/python3 /usr/share/java-utils/pom_editor.py pom_add_dep org.osgi:osgi.cmpn
[ 1538s] + /usr/bin/python3 /usr/share/java-utils/pom_editor.py pom_add_dep org.slf4j:slf4j-api
[ 1539s] + /usr/bin/python3 /usr/share/java-utils/pom_editor.py pom_add_dep biz.aQute.bnd:aQute.libg:3.5.0
[ 1541s] + /usr/bin/python3 /usr/share/java-utils/pom_editor.py pom_add_dep biz.aQute.bnd:biz.aQute.bnd.annotation:3.5.0
[ 1544s] + cd -
[ 1544s] /home/abuild/rpmbuild/BUILD/bnd-3.5.0.REL
[ 1544s] + cd biz.aQute.bnd
[ 1544s] + cp -p /home/abuild/rpmbuild/SOURCES/biz.aQute.bnd-3.5.0.pom pom.xml
[ 1544s] + /usr/bin/python3 /usr/share/java-utils/pom_editor.py pom_add_parent biz.aQute.bnd:parent:3.5.0
[ 1546s] + /usr/bin/python3 /usr/share/java-utils/pom_editor.py pom_add_dep biz.aQute.bnd:biz.aQute.bndlib:3.5.0
[ 1547s] + /usr/bin/python3 /usr/share/java-utils/pom_editor.py pom_add_dep biz.aQute.bnd:aQute.libg:3.5.0
[ 1549s] + /usr/bin/python3 /usr/share/java-utils/pom_editor.py pom_add_dep biz.aQute.bnd:biz.aQute.bnd.annotation:3.5.0
[ 1551s] + /usr/bin/python3 /usr/share/java-utils/pom_editor.py pom_add_dep org.apache.ant:ant
[ 1553s] + /usr/bin/python3 /usr/share/java-utils/pom_editor.py pom_add_dep org.osgi:osgi.annotation
[ 1555s] + /usr/bin/python3 /usr/share/java-utils/pom_editor.py pom_add_dep org.osgi:osgi.core
[ 1556s] + /usr/bin/python3 /usr/share/java-utils/pom_editor.py pom_add_dep org.osgi:osgi.cmpn
[ 1558s] + /usr/bin/python3 /usr/share/java-utils/pom_editor.py pom_add_dep org.slf4j:slf4j-api
[ 1560s] + /usr/bin/python3 /usr/share/java-utils/pom_editor.py pom_add_dep org.slf4j:slf4j-simple::runtime
[ 1562s] + cd -
[ 1562s] /home/abuild/rpmbuild/BUILD/bnd-3.5.0.REL
[ 1562s] + cd maven
[ 1562s] + rm bnd-shared-maven-lib/src/main/java/aQute/bnd/maven/lib/resolve/DependencyResolver.java
[ 1562s] + /usr/bin/python3 /usr/share/java-utils/pom_editor.py pom_remove_dep -r :biz.aQute.resolve
[ 1564s] + /usr/bin/python3 /usr/share/java-utils/pom_editor.py pom_remove_dep -r :biz.aQute.repository
[ 1566s] + /usr/bin/python3 /usr/share/java-utils/pom_editor.py pom_disable_module bnd-indexer-maven-plugin
[ 1568s] + /usr/bin/python3 /usr/share/java-utils/pom_editor.py pom_disable_module bnd-export-maven-plugin
[ 1570s] + /usr/bin/python3 /usr/share/java-utils/pom_editor.py pom_disable_module bnd-resolver-maven-plugin
[ 1571s] + /usr/bin/python3 /usr/share/java-utils/pom_editor.py pom_disable_module bnd-testing-maven-plugin
[ 1573s] + /usr/bin/python3 /usr/share/java-utils/pom_editor.py pom_remove_plugin -r :maven-invoker-plugin
[ 1575s] + /usr/bin/python3 /usr/share/java-utils/pom_editor.py pom_remove_plugin -r :maven-javadoc-plugin
[ 1577s] + /usr/bin/python3 /usr/share/java-utils/pom_editor.py pom_remove_plugin -r :flatten-maven-plugin
[ 1579s] + cd -
[ 1579s] /home/abuild/rpmbuild/BUILD/bnd-3.5.0.REL
[ 1579s] + /usr/bin/python3 /usr/share/java-utils/mvn_alias.py biz.aQute.bnd:biz.aQute.bnd :bnd biz.aQute:bnd
[ 1581s] + /usr/bin/python3 /usr/share/java-utils/mvn_alias.py biz.aQute.bnd:biz.aQute.bndlib :bndlib biz.aQute:bndlib
[ 1583s] + /usr/bin/python3 /usr/share/java-utils/mvn_package.py biz.aQute.bnd:biz.aQute.bndlib bndlib
[ 1585s] + /usr/bin/python3 /usr/share/java-utils/mvn_package.py biz.aQute.bnd:biz.aQute.bnd.annotation bndlib
[ 1587s] + /usr/bin/python3 /usr/share/java-utils/mvn_package.py biz.aQute.bnd:aQute.libg bndlib
[ 1589s] + /usr/bin/python3 /usr/share/java-utils/mvn_package.py biz.aQute.bnd:bnd-shared-maven-lib maven
[ 1591s] + /usr/bin/python3 /usr/share/java-utils/mvn_package.py biz.aQute.bnd:bnd-maven-plugin maven
[ 1593s] + /usr/bin/python3 /usr/share/java-utils/mvn_package.py biz.aQute.bnd:bnd-baseline-maven-plugin maven
[ 1595s] + /usr/bin/python3 /usr/share/java-utils/mvn_package.py biz.aQute.bnd:parent __noinstall
[ 1597s] + /usr/bin/python3 /usr/share/java-utils/mvn_package.py biz.aQute.bnd:bnd-plugin-parent __noinstall
[ 1599s] + RPM_EC=0
[ 1599s] ++ jobs -p
[ 1599s] + exit 0
[ 1599s] Executing(%build): /bin/sh -e /var/tmp/rpm-tmp.z9Xb9e
[ 1599s] + umask 022
[ 1599s] + cd /home/abuild/rpmbuild/BUILD
[ 1599s] + cd bnd-3.5.0.REL
[ 1599s] + /usr/bin/python3 /usr/share/java-utils/mvn_build.py -- -Dproject.build.sourceEncoding=UTF-8
[ 1601s] Executing: xmvn --batch-mode --offline -Dproject.build.sourceEncoding=UTF-8 verify org.fedoraproject.xmvn:xmvn-mojo:install org.apache.maven.plugins:maven-javadoc-plugin:aggregate org.fedoraproject.xmvn:xmvn-mojo:builddep
[ 1601s] ['xmvn', '--batch-mode', '--offline', '-Dproject.build.sourceEncoding=UTF-8', 'verify', 'org.fedoraproject.xmvn:xmvn-mojo:install', 'org.apache.maven.plugins:maven-javadoc-plugin:aggregate', 'org.fedoraproject.xmvn:xmvn-mojo:builddep']
[ 1663s] [INFO] Scanning for projects...
[ 1677s] [INFO] ------------------------------------------------------------------------
[ 1677s] [INFO] Reactor Build Order:
[ 1677s] [INFO] 
[ 1677s] [INFO] Parent project for bnd tool suite                                  [pom]
[ 1677s] [INFO] aQute.libg                                                         [jar]
[ 1677s] [INFO] bnd Annotations Library                                            [jar]
[ 1677s] [INFO] bndlib                                                             [jar]
[ 1677s] [INFO] biz.aQute.bnd                                                      [jar]
[ 1677s] [INFO] biz.aQute.bnd:bnd-plugin-parent                                    [pom]
[ 1677s] [INFO] biz.aQute.bnd:bnd-shared-maven-lib                                 [jar]
[ 1677s] [INFO] biz.aQute.bnd:bnd-maven-plugin                            [maven-plugin]
[ 1677s] [INFO] biz.aQute.bnd:bnd-baseline-maven-plugin                   [maven-plugin]
[ 1705s] [INFO] 
[ 1705s] [INFO] ------------------------< biz.aQute.bnd:parent >------------------------
[ 1705s] [INFO] Building Parent project for bnd tool suite 3.5.0                   [1/9]
[ 1705s] [INFO] --------------------------------[ pom ]---------------------------------
[ 1705s] [INFO] 
[ 1706s] [INFO] ----------------------< biz.aQute.bnd:aQute.libg >----------------------
[ 1706s] [INFO] Building aQute.libg 3.5.0                                          [2/9]
[ 1706s] [INFO] --------------------------------[ jar ]---------------------------------
[ 1713s] [INFO] 
[ 1713s] [INFO] --- maven-resources-plugin:3.1.0:resources (default-resources) @ aQute.libg ---
[ 1729s] [INFO] Using 'UTF-8' encoding to copy filtered resources.
[ 1730s] [INFO] Copying 1 resource
[ 1730s] [INFO] 
[ 1730s] [INFO] --- maven-compiler-plugin:3.8.0:compile (default-compile) @ aQute.libg ---
[ 1742s] [INFO] Changes detected - recompiling the module!
[ 1742s] [INFO] Compiling 156 source files to /home/abuild/rpmbuild/BUILD/bnd-3.5.0.REL/aQute.libg/target/classes
[ 2022s] [INFO] 
[ 2022s] [INFO] --- maven-resources-plugin:3.1.0:testResources (default-testResources) @ aQute.libg ---
[ 2022s] [INFO] Using 'UTF-8' encoding to copy filtered resources.
[ 2022s] [INFO] skip non existing resourceDirectory /home/abuild/rpmbuild/BUILD/bnd-3.5.0.REL/aQute.libg/src/test/resources
[ 2022s] [INFO] 
[ 2022s] [INFO] --- maven-compiler-plugin:3.8.0:testCompile (default-testCompile) @ aQute.libg ---
[ 2023s] [INFO] No sources to compile
[ 2023s] [INFO] 
[ 2023s] [INFO] --- maven-surefire-plugin:2.22.0:test (default-test) @ aQute.libg ---
[ 2039s] [INFO] No tests to run.
[ 2039s] [INFO] 
[ 2039s] [INFO] --- maven-jar-plugin:3.1.0:jar (default-jar) @ aQute.libg ---
[ 2059s] [INFO] Building jar: /home/abuild/rpmbuild/BUILD/bnd-3.5.0.REL/aQute.libg/target/aQute.libg-3.5.0.jar
[ 2066s] [INFO] 
[ 2066s] [INFO] ---------------< biz.aQute.bnd:biz.aQute.bnd.annotation >---------------
[ 2066s] [INFO] Building bnd Annotations Library 3.5.0                             [3/9]
[ 2066s] [INFO] --------------------------------[ jar ]---------------------------------
[ 2066s] [INFO] 
[ 2066s] [INFO] --- maven-resources-plugin:3.1.0:resources (default-resources) @ biz.aQute.bnd.annotation ---
[ 2067s] [INFO] Using 'UTF-8' encoding to copy filtered resources.
[ 2067s] [INFO] Copying 0 resource
[ 2067s] [INFO] 
[ 2067s] [INFO] --- maven-compiler-plugin:3.8.0:compile (default-compile) @ biz.aQute.bnd.annotation ---
[ 2068s] [INFO] Changes detected - recompiling the module!
[ 2068s] [INFO] Compiling 37 source files to /home/abuild/rpmbuild/BUILD/bnd-3.5.0.REL/biz.aQute.bnd.annotation/target/classes
[ 2085s] [INFO] 
[ 2085s] [INFO] --- maven-resources-plugin:3.1.0:testResources (default-testResources) @ biz.aQute.bnd.annotation ---
[ 2085s] [INFO] Using 'UTF-8' encoding to copy filtered resources.
[ 2085s] [INFO] skip non existing resourceDirectory /home/abuild/rpmbuild/BUILD/bnd-3.5.0.REL/biz.aQute.bnd.annotation/src/test/resources
[ 2085s] [INFO] 
[ 2086s] [INFO] --- maven-compiler-plugin:3.8.0:testCompile (default-testCompile) @ biz.aQute.bnd.annotation ---
[ 2086s] [INFO] No sources to compile
[ 2086s] [INFO] 
[ 2086s] [INFO] --- maven-surefire-plugin:2.22.0:test (default-test) @ biz.aQute.bnd.annotation ---
[ 2087s] [INFO] No tests to run.
[ 2087s] [INFO] 
[ 2087s] [INFO] --- maven-jar-plugin:3.1.0:jar (default-jar) @ biz.aQute.bnd.annotation ---
[ 2088s] [INFO] Building jar: /home/abuild/rpmbuild/BUILD/bnd-3.5.0.REL/biz.aQute.bnd.annotation/target/biz.aQute.bnd.annotation-3.5.0.jar
[ 2089s] [INFO] 
[ 2089s] [INFO] -------------------< biz.aQute.bnd:biz.aQute.bndlib >-------------------
[ 2089s] [INFO] Building bndlib 3.5.0                                              [4/9]
[ 2089s] [INFO] --------------------------------[ jar ]---------------------------------
[ 2091s] [INFO] 
[ 2091s] [INFO] --- maven-resources-plugin:3.1.0:resources (default-resources) @ biz.aQute.bndlib ---
[ 2091s] [INFO] Using 'UTF-8' encoding to copy filtered resources.
[ 2093s] [INFO] Copying 34 resources
[ 2094s] [INFO] 
[ 2094s] [INFO] --- maven-compiler-plugin:3.8.0:compile (default-compile) @ biz.aQute.bndlib ---
[ 2099s] [INFO] Changes detected - recompiling the module!
[ 2099s] [INFO] Compiling 304 source files to /home/abuild/rpmbuild/BUILD/bnd-3.5.0.REL/biz.aQute.bndlib/target/classes
[ 2613s] [INFO] -------------------------------------------------------------
[ 2613s] [ERROR] COMPILATION ERROR : 
[ 2613s] [INFO] -------------------------------------------------------------
[ 2614s] [ERROR] /home/abuild/rpmbuild/BUILD/bnd-3.5.0.REL/biz.aQute.bndlib/src/aQute/bnd/testing/TestingLog.java:[11,28] cannot find symbol
[ 2614s]   symbol:   class Logger
[ 2614s]   location: package org.osgi.service.log
[ 2614s] [ERROR] /home/abuild/rpmbuild/BUILD/bnd-3.5.0.REL/biz.aQute.bndlib/src/aQute/bnd/testing/TestingLog.java:[13,28] cannot find symbol
[ 2614s]   symbol:   class LogLevel
[ 2614s]   location: package org.osgi.service.log
[ 2614s] [ERROR] /home/abuild/rpmbuild/BUILD/bnd-3.5.0.REL/biz.aQute.bndlib/src/aQute/bnd/testing/TestingLog.java:[221,16] cannot find symbol
[ 2614s]   symbol:   class Logger
[ 2614s]   location: class aQute.bnd.testing.TestingLog
[ 2614s] [ERROR] /home/abuild/rpmbuild/BUILD/bnd-3.5.0.REL/biz.aQute.bndlib/src/aQute/bnd/testing/TestingLog.java:[224,16] cannot find symbol
[ 2614s]   symbol:   class Logger
[ 2614s]   location: class aQute.bnd.testing.TestingLog
[ 2614s] [ERROR] /home/abuild/rpmbuild/BUILD/bnd-3.5.0.REL/biz.aQute.bndlib/src/aQute/bnd/testing/TestingLog.java:[227,27] cannot find symbol
[ 2614s]   symbol:   class Logger
[ 2614s]   location: class aQute.bnd.testing.TestingLog
[ 2614s] [ERROR] /home/abuild/rpmbuild/BUILD/bnd-3.5.0.REL/biz.aQute.bndlib/src/aQute/bnd/testing/TestingLog.java:[230,27] cannot find symbol
[ 2614s]   symbol:   class Logger
[ 2614s]   location: class aQute.bnd.testing.TestingLog
[ 2614s] [ERROR] /home/abuild/rpmbuild/BUILD/bnd-3.5.0.REL/biz.aQute.bndlib/src/aQute/bnd/testing/TestingLog.java:[233,27] cannot find symbol
[ 2614s]   symbol:   class Logger
[ 2614s]   location: class aQute.bnd.testing.TestingLog
[ 2614s] [ERROR] /home/abuild/rpmbuild/BUILD/bnd-3.5.0.REL/biz.aQute.bndlib/src/aQute/bnd/testing/TestingLog.java:[134,32] cannot find symbol
[ 2614s]   symbol: class LogLevel
[ 2615s] [ERROR] /home/abuild/rpmbuild/BUILD/bnd-3.5.0.REL/biz.aQute.bndlib/src/aQute/bnd/testing/TestingLog.java:[133,25] method does not override or implement a method from a supertype
[ 2615s] [ERROR] /home/abuild/rpmbuild/BUILD/bnd-3.5.0.REL/biz.aQute.bndlib/src/aQute/bnd/testing/TestingLog.java:[136,25] method does not override or implement a method from a supertype
[ 2615s] [ERROR] /home/abuild/rpmbuild/BUILD/bnd-3.5.0.REL/biz.aQute.bndlib/src/aQute/bnd/testing/TestingLog.java:[139,25] method does not override or implement a method from a supertype
[ 2615s] [ERROR] /home/abuild/rpmbuild/BUILD/bnd-3.5.0.REL/biz.aQute.bndlib/src/aQute/bnd/testing/TestingLog.java:[142,25] method does not override or implement a method from a supertype
[ 2615s] [ERROR] /home/abuild/rpmbuild/BUILD/bnd-3.5.0.REL/biz.aQute.bndlib/src/aQute/bnd/testing/TestingLog.java:[145,25] method does not override or implement a method from a supertype
[ 2615s] [ERROR] /home/abuild/rpmbuild/BUILD/bnd-3.5.0.REL/biz.aQute.bndlib/src/aQute/bnd/testing/TestingLog.java:[220,9] method does not override or implement a method from a supertype
[ 2615s] [ERROR] /home/abuild/rpmbuild/BUILD/bnd-3.5.0.REL/biz.aQute.bndlib/src/aQute/bnd/testing/TestingLog.java:[223,9] method does not override or implement a method from a supertype
[ 2615s] [ERROR] /home/abuild/rpmbuild/BUILD/bnd-3.5.0.REL/biz.aQute.bndlib/src/aQute/bnd/testing/TestingLog.java:[226,9] method does not override or implement a method from a supertype
[ 2615s] [ERROR] /home/abuild/rpmbuild/BUILD/bnd-3.5.0.REL/biz.aQute.bndlib/src/aQute/bnd/testing/TestingLog.java:[229,9] method does not override or implement a method from a supertype
[ 2615s] [ERROR] /home/abuild/rpmbuild/BUILD/bnd-3.5.0.REL/biz.aQute.bndlib/src/aQute/bnd/testing/TestingLog.java:[232,9] method does not override or implement a method from a supertype
[ 2615s] [INFO] 18 errors 
[ 2615s] [INFO] -------------------------------------------------------------
[ 2615s] [INFO] 
[ 2616s] [INFO] ------------------------------------------------------------------------
[ 2616s] [INFO] Skipping Parent project for bnd tool suite
[ 2616s] [INFO] This project has been banned from the build due to previous failures.
[ 2616s] [INFO] ------------------------------------------------------------------------
[ 2616s] [INFO] ------------------------------------------------------------------------
[ 2616s] [INFO] Reactor Summary:
[ 2616s] [INFO] 
[ 2616s] [INFO] Parent project for bnd tool suite 3.5.0 ............ SUCCESS [  0.242 s]
[ 2616s] [INFO] aQute.libg ......................................... SUCCESS [06:00 min]
[ 2616s] [INFO] bnd Annotations Library ............................ SUCCESS [ 23.467 s]
[ 2616s] [INFO] bndlib ............................................. FAILURE [08:46 min]
[ 2616s] [INFO] biz.aQute.bnd ...................................... SKIPPED
[ 2616s] [INFO] biz.aQute.bnd:bnd-plugin-parent .................... SKIPPED
[ 2616s] [INFO] biz.aQute.bnd:bnd-shared-maven-lib ................. SKIPPED
[ 2616s] [INFO] biz.aQute.bnd:bnd-maven-plugin ..................... SKIPPED
[ 2616s] [INFO] biz.aQute.bnd:bnd-baseline-maven-plugin 3.5.0 ...... SKIPPED
[ 2616s] [INFO] ------------------------------------------------------------------------
[ 2616s] [INFO] BUILD FAILURE
[ 2616s] [INFO] ------------------------------------------------------------------------
[ 2616s] [INFO] Total time: 15:54 min
[ 2616s] [INFO] Finished at: 2022-04-10T15:24:12Z
[ 2616s] [INFO] ------------------------------------------------------------------------
[ 2617s] [ERROR] Failed to execute goal org.apache.maven.plugins:maven-compiler-plugin:3.8.0:compile (default-compile) on project biz.aQute.bndlib: Compilation failure: Compilation failure: 
[ 2617s] [ERROR] /home/abuild/rpmbuild/BUILD/bnd-3.5.0.REL/biz.aQute.bndlib/src/aQute/bnd/testing/TestingLog.java:[11,28] cannot find symbol
[ 2617s] [ERROR]   symbol:   class Logger
[ 2617s] [ERROR]   location: package org.osgi.service.log
[ 2617s] [ERROR] /home/abuild/rpmbuild/BUILD/bnd-3.5.0.REL/biz.aQute.bndlib/src/aQute/bnd/testing/TestingLog.java:[13,28] cannot find symbol
[ 2617s] [ERROR]   symbol:   class LogLevel
[ 2617s] [ERROR]   location: package org.osgi.service.log
[ 2617s] [ERROR] /home/abuild/rpmbuild/BUILD/bnd-3.5.0.REL/biz.aQute.bndlib/src/aQute/bnd/testing/TestingLog.java:[221,16] cannot find symbol
[ 2617s] [ERROR]   symbol:   class Logger
[ 2617s] [ERROR]   location: class aQute.bnd.testing.TestingLog
[ 2617s] [ERROR] /home/abuild/rpmbuild/BUILD/bnd-3.5.0.REL/biz.aQute.bndlib/src/aQute/bnd/testing/TestingLog.java:[224,16] cannot find symbol
[ 2617s] [ERROR]   symbol:   class Logger
[ 2617s] [ERROR]   location: class aQute.bnd.testing.TestingLog
[ 2617s] [ERROR] /home/abuild/rpmbuild/BUILD/bnd-3.5.0.REL/biz.aQute.bndlib/src/aQute/bnd/testing/TestingLog.java:[227,27] cannot find symbol
[ 2617s] [ERROR]   symbol:   class Logger
[ 2617s] [ERROR]   location: class aQute.bnd.testing.TestingLog
[ 2617s] [ERROR] /home/abuild/rpmbuild/BUILD/bnd-3.5.0.REL/biz.aQute.bndlib/src/aQute/bnd/testing/TestingLog.java:[230,27] cannot find symbol
[ 2617s] [ERROR]   symbol:   class Logger
[ 2617s] [ERROR]   location: class aQute.bnd.testing.TestingLog
[ 2618s] [ERROR] /home/abuild/rpmbuild/BUILD/bnd-3.5.0.REL/biz.aQute.bndlib/src/aQute/bnd/testing/TestingLog.java:[233,27] cannot find symbol
[ 2618s] [ERROR]   symbol:   class Logger
[ 2618s] [ERROR]   location: class aQute.bnd.testing.TestingLog
[ 2618s] [ERROR] /home/abuild/rpmbuild/BUILD/bnd-3.5.0.REL/biz.aQute.bndlib/src/aQute/bnd/testing/TestingLog.java:[134,32] cannot find symbol
[ 2618s] [ERROR]   symbol: class LogLevel
[ 2618s] [ERROR] /home/abuild/rpmbuild/BUILD/bnd-3.5.0.REL/biz.aQute.bndlib/src/aQute/bnd/testing/TestingLog.java:[133,25] method does not override or implement a method from a supertype
[ 2618s] [ERROR] /home/abuild/rpmbuild/BUILD/bnd-3.5.0.REL/biz.aQute.bndlib/src/aQute/bnd/testing/TestingLog.java:[136,25] method does not override or implement a method from a supertype
[ 2618s] [ERROR] /home/abuild/rpmbuild/BUILD/bnd-3.5.0.REL/biz.aQute.bndlib/src/aQute/bnd/testing/TestingLog.java:[139,25] method does not override or implement a method from a supertype
[ 2618s] [ERROR] /home/abuild/rpmbuild/BUILD/bnd-3.5.0.REL/biz.aQute.bndlib/src/aQute/bnd/testing/TestingLog.java:[142,25] method does not override or implement a method from a supertype
[ 2618s] [ERROR] /home/abuild/rpmbuild/BUILD/bnd-3.5.0.REL/biz.aQute.bndlib/src/aQute/bnd/testing/TestingLog.java:[145,25] method does not override or implement a method from a supertype
[ 2618s] [ERROR] /home/abuild/rpmbuild/BUILD/bnd-3.5.0.REL/biz.aQute.bndlib/src/aQute/bnd/testing/TestingLog.java:[220,9] method does not override or implement a method from a supertype
[ 2618s] [ERROR] /home/abuild/rpmbuild/BUILD/bnd-3.5.0.REL/biz.aQute.bndlib/src/aQute/bnd/testing/TestingLog.java:[223,9] method does not override or implement a method from a supertype
[ 2619s] [ERROR] /home/abuild/rpmbuild/BUILD/bnd-3.5.0.REL/biz.aQute.bndlib/src/aQute/bnd/testing/TestingLog.java:[226,9] method does not override or implement a method from a supertype
[ 2619s] [ERROR] /home/abuild/rpmbuild/BUILD/bnd-3.5.0.REL/biz.aQute.bndlib/src/aQute/bnd/testing/TestingLog.java:[229,9] method does not override or implement a method from a supertype
[ 2619s] [ERROR] /home/abuild/rpmbuild/BUILD/bnd-3.5.0.REL/biz.aQute.bndlib/src/aQute/bnd/testing/TestingLog.java:[232,9] method does not override or implement a method from a supertype
[ 2619s] [ERROR] -> [Help 1]
[ 2619s] [ERROR] 
[ 2619s] [ERROR] To see the full stack trace of the errors, re-run Maven with the -e switch.
[ 2619s] [ERROR] Re-run Maven using the -X switch to enable full debug logging.
[ 2619s] [ERROR] 
[ 2619s] [ERROR] For more information about the errors and possible solutions, please read the following articles:
[ 2619s] [ERROR] [Help 1] http://cwiki.apache.org/confluence/display/MAVEN/MojoFailureException
[ 2619s] [ERROR] 
[ 2619s] [ERROR] After correcting the problems, you can resume the build with the command
[ 2619s] [ERROR]   mvn <goals> -rf :biz.aQute.bndlib
[ 2620s] error: Bad exit status from /var/tmp/rpm-tmp.z9Xb9e (%build)
[ 2620s] 
[ 2620s] 
[ 2620s] RPM build errors:
[ 2620s]     line 147: multiple %files for package 'aqute-bnd'
[ 2620s]     line 148: multiple %files for package 'aqute-bnd'
[ 2620s]     bad date in %changelog: Fri Feb 14 likexin <likexin4@huawei.com> - 3.5.0-6
[ 2620s]     Bad exit status from /var/tmp/rpm-tmp.z9Xb9e (%build)
[ 2621s] 
[ 2621s] oe-RISCV-worker29 failed "build aqute-bnd.spec" at Sun Apr 10 15:24:17 UTC 2022.
[ 2621s] 
